<?xml version="1.0" encoding="UTF-8"?>
<testsuite xmlns:xsi="http://www.w3.org/2001/XMLSchema-instance" xsi:noNamespaceSchemaLocation="https://maven.apache.org/surefire/maven-surefire-plugin/xsd/surefire-test-report-3.0.xsd" version="3.0" name="StressTest" time="0.221" tests="36" errors="0" skipped="0" failures="0">
  <properties>
    <property name="java.specification.version" value="14"/>
    <property name="sun.cpu.isalist" value="amd64"/>
    <property name="sun.jnu.encoding" value="GBK"/>
    <property name="java.class.path" value="C:\Users\32154\Desktop\assign251_2\target\test-classes;C:\Users\32154\Desktop\assign251_2\target\classes;D:\program\devtools\Maven-Repository\log4j\log4j\1.2.17\log4j-1.2.17.jar;D:\program\devtools\Maven-Repository\junit\junit\4.13.2\junit-4.13.2.jar;D:\program\devtools\Maven-Repository\org\hamcrest\hamcrest-core\1.3\hamcrest-core-1.3.jar;D:\program\devtools\Maven-Repository\org\apache\velocity\velocity-engine-core\2.2\velocity-engine-core-2.2.jar;D:\program\devtools\Maven-Repository\org\apache\commons\commons-lang3\3.9\commons-lang3-3.9.jar;D:\program\devtools\Maven-Repository\org\slf4j\slf4j-api\1.7.30\slf4j-api-1.7.30.jar;D:\program\devtools\Maven-Repository\org\junit\jupiter\junit-jupiter-params\5.8.1\junit-jupiter-params-5.8.1.jar;D:\program\devtools\Maven-Repository\org\junit\jupiter\junit-jupiter-api\5.8.1\junit-jupiter-api-5.8.1.jar;D:\program\devtools\Maven-Repository\org\opentest4j\opentest4j\1.2.0\opentest4j-1.2.0.jar;D:\program\devtools\Maven-Repository\org\junit\platform\junit-platform-commons\1.8.1\junit-platform-commons-1.8.1.jar;D:\program\devtools\Maven-Repository\org\apiguardian\apiguardian-api\1.1.2\apiguardian-api-1.1.2.jar;D:\program\devtools\Maven-Repository\org\jacoco\jacoco-maven-plugin\0.8.7\jacoco-maven-plugin-0.8.7.jar;D:\program\devtools\Maven-Repository\org\apache\maven\maven-plugin-api\3.0\maven-plugin-api-3.0.jar;D:\program\devtools\Maven-Repository\org\apache\maven\maven-model\3.0\maven-model-3.0.jar;D:\program\devtools\Maven-Repository\org\apache\maven\maven-artifact\3.0\maven-artifact-3.0.jar;D:\program\devtools\Maven-Repository\org\sonatype\sisu\sisu-inject-plexus\1.4.2\sisu-inject-plexus-1.4.2.jar;D:\program\devtools\Maven-Repository\org\sonatype\sisu\sisu-inject-bean\1.4.2\sisu-inject-bean-1.4.2.jar;D:\program\devtools\Maven-Repository\org\sonatype\sisu\sisu-guice\2.1.7\sisu-guice-2.1.7-noaop.jar;D:\program\devtools\Maven-Repository\org\apache\maven\maven-core\3.0\maven-core-3.0.jar;D:\program\devtools\Maven-Repository\org\apache\maven\maven-settings\3.0\maven-settings-3.0.jar;D:\program\devtools\Maven-Repository\org\apache\maven\maven-settings-builder\3.0\maven-settings-builder-3.0.jar;D:\program\devtools\Maven-Repository\org\apache\maven\maven-repository-metadata\3.0\maven-repository-metadata-3.0.jar;D:\program\devtools\Maven-Repository\org\apache\maven\maven-model-builder\3.0\maven-model-builder-3.0.jar;D:\program\devtools\Maven-Repository\org\apache\maven\maven-aether-provider\3.0\maven-aether-provider-3.0.jar;D:\program\devtools\Maven-Repository\org\sonatype\aether\aether-impl\1.7\aether-impl-1.7.jar;D:\program\devtools\Maven-Repository\org\sonatype\aether\aether-spi\1.7\aether-spi-1.7.jar;D:\program\devtools\Maven-Repository\org\sonatype\aether\aether-api\1.7\aether-api-1.7.jar;D:\program\devtools\Maven-Repository\org\sonatype\aether\aether-util\1.7\aether-util-1.7.jar;D:\program\devtools\Maven-Repository\org\codehaus\plexus\plexus-interpolation\1.14\plexus-interpolation-1.14.jar;D:\program\devtools\Maven-Repository\org\codehaus\plexus\plexus-classworlds\2.2.3\plexus-classworlds-2.2.3.jar;D:\program\devtools\Maven-Repository\org\codehaus\plexus\plexus-component-annotations\1.5.5\plexus-component-annotations-1.5.5.jar;D:\program\devtools\Maven-Repository\org\sonatype\plexus\plexus-sec-dispatcher\1.3\plexus-sec-dispatcher-1.3.jar;D:\program\devtools\Maven-Repository\org\sonatype\plexus\plexus-cipher\1.4\plexus-cipher-1.4.jar;D:\program\devtools\Maven-Repository\org\codehaus\plexus\plexus-utils\3.0.22\plexus-utils-3.0.22.jar;D:\program\devtools\Maven-Repository\org\apache\maven\shared\file-management\1.2.1\file-management-1.2.1.jar;D:\program\devtools\Maven-Repository\org\apache\maven\shared\maven-shared-io\1.1\maven-shared-io-1.1.jar;D:\program\devtools\Maven-Repository\org\apache\maven\maven-artifact-manager\2.0.2\maven-artifact-manager-2.0.2.jar;D:\program\devtools\Maven-Repository\org\apache\maven\wagon\wagon-provider-api\1.0-alpha-6\wagon-provider-api-1.0-alpha-6.jar;D:\program\devtools\Maven-Repository\org\codehaus\plexus\plexus-container-default\1.0-alpha-9\plexus-container-default-1.0-alpha-9.jar;D:\program\devtools\Maven-Repository\classworlds\classworlds\1.1-alpha-2\classworlds-1.1-alpha-2.jar;D:\program\devtools\Maven-Repository\org\apache\maven\reporting\maven-reporting-api\3.0\maven-reporting-api-3.0.jar;D:\program\devtools\Maven-Repository\org\apache\maven\doxia\doxia-sink-api\1.0\doxia-sink-api-1.0.jar;D:\program\devtools\Maven-Repository\org\jacoco\org.jacoco.agent\0.8.7\org.jacoco.agent-0.8.7-runtime.jar;D:\program\devtools\Maven-Repository\org\jacoco\org.jacoco.core\0.8.7\org.jacoco.core-0.8.7.jar;D:\program\devtools\Maven-Repository\org\ow2\asm\asm\9.1\asm-9.1.jar;D:\program\devtools\Maven-Repository\org\ow2\asm\asm-commons\9.1\asm-commons-9.1.jar;D:\program\devtools\Maven-Repository\org\ow2\asm\asm-analysis\9.1\asm-analysis-9.1.jar;D:\program\devtools\Maven-Repository\org\ow2\asm\asm-tree\9.1\asm-tree-9.1.jar;D:\program\devtools\Maven-Repository\org\jacoco\org.jacoco.report\0.8.7\org.jacoco.report-0.8.7.jar;D:\program\devtools\Maven-Repository\ch\qos\logback\logback-core\1.1.2\logback-core-1.1.2.jar;D:\program\devtools\Maven-Repository\org\projectlombok\lombok\1.18.30\lombok-1.18.30.jar;"/>
    <property name="java.vm.vendor" value="Oracle Corporation"/>
    <property name="sun.arch.data.model" value="64"/>
    <property name="user.variant" value=""/>
    <property name="java.vendor.url" value="https://java.oracle.com/"/>
    <property name="user.timezone" value="Asia/Shanghai"/>
    <property name="os.name" value="Windows 10"/>
    <property name="java.vm.specification.version" value="14"/>
    <property name="sun.java.launcher" value="SUN_STANDARD"/>
    <property name="user.country" value="CN"/>
    <property name="sun.boot.library.path" value="D:\program\jdk14.0.1\bin"/>
    <property name="sun.java.command" value="C:\Users\32154\AppData\Local\Temp\surefire12003317972492868489\surefirebooter-20231119154059741_3.jar C:\Users\32154\AppData\Local\Temp\surefire12003317972492868489 2023-11-19T15-40-59_545-jvmRun1 surefire-20231119154059741_1tmp surefire_0-20231119154059741_2tmp"/>
    <property name="jdk.debug" value="release"/>
    <property name="surefire.test.class.path" value="C:\Users\32154\Desktop\assign251_2\target\test-classes;C:\Users\32154\Desktop\assign251_2\target\classes;D:\program\devtools\Maven-Repository\log4j\log4j\1.2.17\log4j-1.2.17.jar;D:\program\devtools\Maven-Repository\junit\junit\4.13.2\junit-4.13.2.jar;D:\program\devtools\Maven-Repository\org\hamcrest\hamcrest-core\1.3\hamcrest-core-1.3.jar;D:\program\devtools\Maven-Repository\org\apache\velocity\velocity-engine-core\2.2\velocity-engine-core-2.2.jar;D:\program\devtools\Maven-Repository\org\apache\commons\commons-lang3\3.9\commons-lang3-3.9.jar;D:\program\devtools\Maven-Repository\org\slf4j\slf4j-api\1.7.30\slf4j-api-1.7.30.jar;D:\program\devtools\Maven-Repository\org\junit\jupiter\junit-jupiter-params\5.8.1\junit-jupiter-params-5.8.1.jar;D:\program\devtools\Maven-Repository\org\junit\jupiter\junit-jupiter-api\5.8.1\junit-jupiter-api-5.8.1.jar;D:\program\devtools\Maven-Repository\org\opentest4j\opentest4j\1.2.0\opentest4j-1.2.0.jar;D:\program\devtools\Maven-Repository\org\junit\platform\junit-platform-commons\1.8.1\junit-platform-commons-1.8.1.jar;D:\program\devtools\Maven-Repository\org\apiguardian\apiguardian-api\1.1.2\apiguardian-api-1.1.2.jar;D:\program\devtools\Maven-Repository\org\jacoco\jacoco-maven-plugin\0.8.7\jacoco-maven-plugin-0.8.7.jar;D:\program\devtools\Maven-Repository\org\apache\maven\maven-plugin-api\3.0\maven-plugin-api-3.0.jar;D:\program\devtools\Maven-Repository\org\apache\maven\maven-model\3.0\maven-model-3.0.jar;D:\program\devtools\Maven-Repository\org\apache\maven\maven-artifact\3.0\maven-artifact-3.0.jar;D:\program\devtools\Maven-Repository\org\sonatype\sisu\sisu-inject-plexus\1.4.2\sisu-inject-plexus-1.4.2.jar;D:\program\devtools\Maven-Repository\org\sonatype\sisu\sisu-inject-bean\1.4.2\sisu-inject-bean-1.4.2.jar;D:\program\devtools\Maven-Repository\org\sonatype\sisu\sisu-guice\2.1.7\sisu-guice-2.1.7-noaop.jar;D:\program\devtools\Maven-Repository\org\apache\maven\maven-core\3.0\maven-core-3.0.jar;D:\program\devtools\Maven-Repository\org\apache\maven\maven-settings\3.0\maven-settings-3.0.jar;D:\program\devtools\Maven-Repository\org\apache\maven\maven-settings-builder\3.0\maven-settings-builder-3.0.jar;D:\program\devtools\Maven-Repository\org\apache\maven\maven-repository-metadata\3.0\maven-repository-metadata-3.0.jar;D:\program\devtools\Maven-Repository\org\apache\maven\maven-model-builder\3.0\maven-model-builder-3.0.jar;D:\program\devtools\Maven-Repository\org\apache\maven\maven-aether-provider\3.0\maven-aether-provider-3.0.jar;D:\program\devtools\Maven-Repository\org\sonatype\aether\aether-impl\1.7\aether-impl-1.7.jar;D:\program\devtools\Maven-Repository\org\sonatype\aether\aether-spi\1.7\aether-spi-1.7.jar;D:\program\devtools\Maven-Repository\org\sonatype\aether\aether-api\1.7\aether-api-1.7.jar;D:\program\devtools\Maven-Repository\org\sonatype\aether\aether-util\1.7\aether-util-1.7.jar;D:\program\devtools\Maven-Repository\org\codehaus\plexus\plexus-interpolation\1.14\plexus-interpolation-1.14.jar;D:\program\devtools\Maven-Repository\org\codehaus\plexus\plexus-classworlds\2.2.3\plexus-classworlds-2.2.3.jar;D:\program\devtools\Maven-Repository\org\codehaus\plexus\plexus-component-annotations\1.5.5\plexus-component-annotations-1.5.5.jar;D:\program\devtools\Maven-Repository\org\sonatype\plexus\plexus-sec-dispatcher\1.3\plexus-sec-dispatcher-1.3.jar;D:\program\devtools\Maven-Repository\org\sonatype\plexus\plexus-cipher\1.4\plexus-cipher-1.4.jar;D:\program\devtools\Maven-Repository\org\codehaus\plexus\plexus-utils\3.0.22\plexus-utils-3.0.22.jar;D:\program\devtools\Maven-Repository\org\apache\maven\shared\file-management\1.2.1\file-management-1.2.1.jar;D:\program\devtools\Maven-Repository\org\apache\maven\shared\maven-shared-io\1.1\maven-shared-io-1.1.jar;D:\program\devtools\Maven-Repository\org\apache\maven\maven-artifact-manager\2.0.2\maven-artifact-manager-2.0.2.jar;D:\program\devtools\Maven-Repository\org\apache\maven\wagon\wagon-provider-api\1.0-alpha-6\wagon-provider-api-1.0-alpha-6.jar;D:\program\devtools\Maven-Repository\org\codehaus\plexus\plexus-container-default\1.0-alpha-9\plexus-container-default-1.0-alpha-9.jar;D:\program\devtools\Maven-Repository\classworlds\classworlds\1.1-alpha-2\classworlds-1.1-alpha-2.jar;D:\program\devtools\Maven-Repository\org\apache\maven\reporting\maven-reporting-api\3.0\maven-reporting-api-3.0.jar;D:\program\devtools\Maven-Repository\org\apache\maven\doxia\doxia-sink-api\1.0\doxia-sink-api-1.0.jar;D:\program\devtools\Maven-Repository\org\jacoco\org.jacoco.agent\0.8.7\org.jacoco.agent-0.8.7-runtime.jar;D:\program\devtools\Maven-Repository\org\jacoco\org.jacoco.core\0.8.7\org.jacoco.core-0.8.7.jar;D:\program\devtools\Maven-Repository\org\ow2\asm\asm\9.1\asm-9.1.jar;D:\program\devtools\Maven-Repository\org\ow2\asm\asm-commons\9.1\asm-commons-9.1.jar;D:\program\devtools\Maven-Repository\org\ow2\asm\asm-analysis\9.1\asm-analysis-9.1.jar;D:\program\devtools\Maven-Repository\org\ow2\asm\asm-tree\9.1\asm-tree-9.1.jar;D:\program\devtools\Maven-Repository\org\jacoco\org.jacoco.report\0.8.7\org.jacoco.report-0.8.7.jar;D:\program\devtools\Maven-Repository\ch\qos\logback\logback-core\1.1.2\logback-core-1.1.2.jar;D:\program\devtools\Maven-Repository\org\projectlombok\lombok\1.18.30\lombok-1.18.30.jar;"/>
    <property name="sun.cpu.endian" value="little"/>
    <property name="user.home" value="C:\Users\32154"/>
    <property name="user.language" value="zh"/>
    <property name="java.specification.vendor" value="Oracle Corporation"/>
    <property name="java.version.date" value="2020-04-14"/>
    <property name="java.home" value="D:\program\jdk14.0.1"/>
    <property name="file.separator" value="\"/>
    <property name="basedir" value="C:\Users\32154\Desktop\assign251_2"/>
    <property name="java.vm.compressedOopsMode" value="Zero based"/>
    <property name="line.separator" value="&#10;"/>
    <property name="java.vm.specification.vendor" value="Oracle Corporation"/>
    <property name="java.specification.name" value="Java Platform API Specification"/>
    <property name="surefire.real.class.path" value="C:\Users\32154\AppData\Local\Temp\surefire12003317972492868489\surefirebooter-20231119154059741_3.jar"/>
    <property name="user.script" value=""/>
    <property name="sun.management.compiler" value="HotSpot 64-Bit Tiered Compilers"/>
    <property name="java.runtime.version" value="14.0.1+7"/>
    <property name="user.name" value="32154"/>
    <property name="path.separator" value=";"/>
    <property name="os.version" value="10.0"/>
    <property name="java.runtime.name" value="Java(TM) SE Runtime Environment"/>
    <property name="file.encoding" value="GBK"/>
    <property name="java.vm.name" value="Java HotSpot(TM) 64-Bit Server VM"/>
    <property name="localRepository" value="D:\program\devtools\Maven-Repository"/>
    <property name="java.vendor.url.bug" value="https://bugreport.java.com/bugreport/"/>
    <property name="java.io.tmpdir" value="C:\Users\32154\AppData\Local\Temp\"/>
    <property name="idea.version" value="2023.1"/>
    <property name="java.version" value="14.0.1"/>
    <property name="user.dir" value="C:\Users\32154\Desktop\assign251_2"/>
    <property name="os.arch" value="amd64"/>
    <property name="java.vm.specification.name" value="Java Virtual Machine Specification"/>
    <property name="sun.os.patch.level" value=""/>
    <property name="java.library.path" value="D:\program\jdk14.0.1\bin;C:\Windows\Sun\Java\bin;C:\Windows\system32;C:\Windows;C:\Program Files (x86)\VMware\VMware Workstation\bin\;C:\Program Files\Common Files\Oracle\Java\javapath;C:\Windows\system32;C:\Windows;C:\Windows\System32\Wbem;C:\Windows\System32\WindowsPowerShell\v1.0\;C:\Windows\System32\OpenSSH\;D:\program\jdk14.0.1\bin;C:\Program Files\Git\cmd;D:\program\apache-maven-3.9.4\bin;C:\Program Files\Microsoft SQL Server\150\Tools\Binn\;C:\Program Files\Microsoft SQL Server\Client SDK\ODBC\170\Tools\Binn\;C:\Program Files\dotnet\;C:\Users\32154\AppData\Local\Microsoft\WindowsApps;;D:\program\Clion\CLion 2022.3\bin;;C:\Users\32154\.dotnet\tools;D:\program\IDE\Microsoft VS Code\bin;."/>
    <property name="java.vm.info" value="mixed mode, sharing"/>
    <property name="java.vendor" value="Oracle Corporation"/>
    <property name="java.vm.version" value="14.0.1+7"/>
    <property name="sun.io.unicode.encoding" value="UnicodeLittle"/>
    <property name="maven.repo.local" value="D:\program\devtools\Maven-Repository"/>
    <property name="java.class.version" value="58.0"/>
  </properties>
  <testcase name="memAppenderWithArrayListTest[0]" classname="StressTest" time="0.009"/>
  <testcase name="consoleAppenderTest[0]" classname="StressTest" time="0.041">
    <system-out><![CDATA[main---StressTest---debugmain---StressTest---debugmain---StressTest---debugmain---StressTest---debugmain---StressTest---debugmain---StressTest---debugmain---StressTest---debugmain---StressTest---debugmain---StressTest---debugmain---StressTest---debugmain---StressTest---debugmain---StressTest---debugmain---StressTest---debugmain---StressTest---debugmain---StressTest---debugmain---StressTest---debugmain---StressTest---debugmain---StressTest---debugmain---StressTest---debugmain---StressTest---debugmain---StressTest---debugmain---StressTest---debugmain---StressTest---debugmain---StressTest---debugmain---StressTest---debugmain---StressTest---debugmain---StressTest---debugmain---StressTest---debugmain---StressTest---debugmain---StressTest---debugmain---StressTest---debugmain---StressTest---debugmain---StressTest---debugmain---StressTest---debugmain---StressTest---debugmain---StressTest---debugmain---StressTest---debugmain---StressTest---debugmain---StressTest---debugmain---StressTest---debugmain---StressTest---debugmain---StressTest---debugmain---StressTest---debugmain---StressTest---debugmain---StressTest---debugmain---StressTest---debugmain---StressTest---debugmain---StressTest---debugmain---StressTest---debugmain---StressTest---debugmain---StressTest---debugmain---StressTest---debugmain---StressTest---debugmain---StressTest---debugmain---StressTest---debugmain---StressTest---debugmain---StressTest---debugmain---StressTest---debugmain---StressTest---debugmain---StressTest---debugmain---StressTest---debugmain---StressTest---debugmain---StressTest---debugmain---StressTest---debugmain---StressTest---debugmain---StressTest---debugmain---StressTest---debugmain---StressTest---debugmain---StressTest---debugmain---StressTest---debugmain---StressTest---debugmain---StressTest---debugmain---StressTest---debugmain---StressTest---debugmain---StressTest---debugmain---StressTest---debugmain---StressTest---debugmain---StressTest---debugmain---StressTest---debugmain---StressTest---debugmain---StressTest---debugmain---StressTest---debugmain---StressTest---debugmain---StressTest---debugmain---StressTest---debugmain---StressTest---debugmain---StressTest---debugmain---StressTest---debugmain---StressTest---debugmain---StressTest---debugmain---StressTest---debugmain---StressTest---debugmain---StressTest---debugmain---StressTest---debugmain---StressTest---debugmain---StressTest---debugmain---StressTest---debugmain---StressTest---debugmain---StressTest---debugmain---StressTest---debugmain---StressTest---debugmain---StressTest---debugmain---StressTest---debugmain---StressTest---debugmain---StressTest---debugmain---StressTest---debugmain---StressTest---debugmain---StressTest---debugmain---StressTest---debugmain---StressTest---debugmain---StressTest---debugmain---StressTest---debugmain---StressTest---debugmain---StressTest---debugmain---StressTest---debugmain---StressTest---debugmain---StressTest---debugmain---StressTest---debugmain---StressTest---debugmain---StressTest---debugmain---StressTest---debugmain---StressTest---debugmain---StressTest---debugmain---StressTest---debugmain---StressTest---debugmain---StressTest---debugmain---StressTest---debugmain---StressTest---debugmain---StressTest---debugmain---StressTest---debugmain---StressTest---debugmain---StressTest---debugmain---StressTest---debugmain---StressTest---debugmain---StressTest---debugmain---StressTest---debugmain---StressTest---debugmain---StressTest---debugmain---StressTest---debugmain---StressTest---debugmain---StressTest---debugmain---StressTest---debugmain---StressTest---debugmain---StressTest---debugmain---StressTest---debugmain---StressTest---debugmain---StressTest---debugmain---StressTest---debugmain---StressTest---debugmain---StressTest---debugmain---StressTest---debugmain---StressTest---debugmain---StressTest---debugmain---StressTest---debugmain---StressTest---debugmain---StressTest---debugmain---StressTest---debugmain---StressTest---debugmain---StressTest---debugmain---StressTest---debugmain---StressTest---debugmain---StressTest---debugmain---StressTest---debugmain---StressTest---debugmain---StressTest---debugmain---StressTest---debugmain---StressTest---debugmain---StressTest---debugmain---StressTest---debugmain---StressTest---debugmain---StressTest---debugmain---StressTest---debugmain---StressTest---debugmain---StressTest---debugmain---StressTest---debugmain---StressTest---debugmain---StressTest---debugmain---StressTest---debugmain---StressTest---debugmain---StressTest---debugmain---StressTest---debugmain---StressTest---debugmain---StressTest---debugmain---StressTest---debugmain---StressTest---debugmain---StressTest---debugmain---StressTest---debugmain---StressTest---debugmain---StressTest---debugmain---StressTest---debugmain---StressTest---debugmain---StressTest---debugmain---StressTest---debugmain---StressTest---debugmain---StressTest---debugmain---StressTest---debugmain---StressTest---debugmain---StressTest---debugmain---StressTest---debugmain---StressTest---debugmain---StressTest---debugmain---StressTest---debugmain---StressTest---debugmain---StressTest---debugmain---StressTest---debugmain---StressTest---debugmain---StressTest---debugmain---StressTest---debugmain---StressTest---debugmain---StressTest---debugmain---StressTest---debugmain---StressTest---debugmain---StressTest---debugmain---StressTest---debugmain---StressTest---debugmain---StressTest---debugmain---StressTest---debugmain---StressTest---debugmain---StressTest---debugmain---StressTest---debugmain---StressTest---debugmain---StressTest---debugmain---StressTest---debugmain---StressTest---debugmain---StressTest---debugmain---StressTest---debugmain---StressTest---debugmain---StressTest---debugmain---StressTest---debugmain---StressTest---debugmain---StressTest---debugmain---StressTest---debugmain---StressTest---debugmain---StressTest---debugmain---StressTest---debugmain---StressTest---debugmain---StressTest---debugmain---StressTest---debugmain---StressTest---debugmain---StressTest---debugmain---StressTest---debugmain---StressTest---debugmain---StressTest---debugmain---StressTest---debugmain---StressTest---debugmain---StressTest---debugmain---StressTest---debugmain---StressTest---debugmain---StressTest---debugmain---StressTest---debugmain---StressTest---debugmain---StressTest---debugmain---StressTest---debugmain---StressTest---debugmain---StressTest---debugmain---StressTest---debugmain---StressTest---debugmain---StressTest---debugmain---StressTest---debugmain---StressTest---debugmain---StressTest---debugmain---StressTest---debugmain---StressTest---debugmain---StressTest---debugmain---StressTest---debugmain---StressTest---debugmain---StressTest---debugmain---StressTest---debugmain---StressTest---debugmain---StressTest---debugmain---StressTest---debugmain---StressTest---debugmain---StressTest---debugmain---StressTest---debugmain---StressTest---debugmain---StressTest---debugmain---StressTest---debugmain---StressTest---debugmain---StressTest---debugmain---StressTest---debugmain---StressTest---debugmain---StressTest---debugmain---StressTest---debugmain---StressTest---debugmain---StressTest---debugmain---StressTest---debugmain---StressTest---debugmain---StressTest---debugmain---StressTest---debugmain---StressTest---debugmain---StressTest---debugmain---StressTest---debugmain---StressTest---debugmain---StressTest---debugmain---StressTest---debugmain---StressTest---debugmain---StressTest---debugmain---StressTest---debugmain---StressTest---debugmain---StressTest---debugmain---StressTest---debugmain---StressTest---debugmain---StressTest---debugmain---StressTest---debugmain---StressTest---debugmain---StressTest---debugmain---StressTest---debugmain---StressTest---debugmain---StressTest---debugmain---StressTest---debugmain---StressTest---debugmain---StressTest---debugmain---StressTest---debugmain---StressTest---debugmain---StressTest---debugmain---StressTest---debugmain---StressTest---debugmain---StressTest---debugmain---StressTest---debugmain---StressTest---debugmain---StressTest---debugmain---StressTest---debugmain---StressTest---debugmain---StressTest---debugmain---StressTest---debugmain---StressTest---debugmain---StressTest---debugmain---StressTest---debugmain---StressTest---debugmain---StressTest---debugmain---StressTest---debugmain---StressTest---debugmain---StressTest---debugmain---StressTest---debugmain---StressTest---debugmain---StressTest---debugmain---StressTest---debugmain---StressTest---debugmain---StressTest---debugmain---StressTest---debugmain---StressTest---debugmain---StressTest---debugmain---StressTest---debugmain---StressTest---debugmain---StressTest---debugmain---StressTest---debugmain---StressTest---debugmain---StressTest---debugmain---StressTest---debugmain---StressTest---debugmain---StressTest---debugmain---StressTest---debugmain---StressTest---debugmain---StressTest---debugmain---StressTest---debugmain---StressTest---debugmain---StressTest---debugmain---StressTest---debugmain---StressTest---debugmain---StressTest---debugmain---StressTest---debugmain---StressTest---debugmain---StressTest---debugmain---StressTest---debugmain---StressTest---debugmain---StressTest---debugmain---StressTest---debugmain---StressTest---debugmain---StressTest---debugmain---StressTest---debugmain---StressTest---debugmain---StressTest---debugmain---StressTest---debugmain---StressTest---debugmain---StressTest---debugmain---StressTest---debugmain---StressTest---debugmain---StressTest---debugmain---StressTest---debugmain---StressTest---debugmain---StressTest---debugmain---StressTest---debugmain---StressTest---debugmain---StressTest---debugmain---StressTest---debugmain---StressTest---debugmain---StressTest---debugmain---StressTest---debugmain---StressTest---debugmain---StressTest---debugmain---StressTest---debugmain---StressTest---debugmain---StressTest---debugmain---StressTest---debugmain---StressTest---debugmain---StressTest---debugmain---StressTest---debugmain---StressTest---debugmain---StressTest---debugmain---StressTest---debugmain---StressTest---debugmain---StressTest---debugmain---StressTest---debugmain---StressTest---debugmain---StressTest---debugmain---StressTest---debugmain---StressTest---debugmain---StressTest---debugmain---StressTest---debugmain---StressTest---debugmain---StressTest---debugmain---StressTest---debugmain---StressTest---debugmain---StressTest---debugmain---StressTest---debugmain---StressTest---debugmain---StressTest---debugmain---StressTest---debugmain---StressTest---debugmain---StressTest---debugmain---StressTest---debugmain---StressTest---debugmain---StressTest---debugmain---StressTest---debugmain---StressTest---debugmain---StressTest---debugmain---StressTest---debugmain---StressTest---debugmain---StressTest---debugmain---StressTest---debugmain---StressTest---debugmain---StressTest---debugmain---StressTest---debugmain---StressTest---debugmain---StressTest---debugmain---StressTest---debugmain---StressTest---debugmain---StressTest---debugmain---StressTest---debugmain---StressTest---debugmain---StressTest---debugmain---StressTest---debugmain---StressTest---debugmain---StressTest---debugmain---StressTest---debugmain---StressTest---debugmain---StressTest---debugmain---StressTest---debugmain---StressTest---debugmain---StressTest---debugmain---StressTest---debugmain---StressTest---debugmain---StressTest---debugmain---StressTest---debugmain---StressTest---debugmain---StressTest---debugmain---StressTest---debugmain---StressTest---debugmain---StressTest---debugmain---StressTest---debugmain---StressTest---debugmain---StressTest---debugmain---StressTest---debugmain---StressTest---debugmain---StressTest---debugmain---StressTest---debugmain---StressTest---debugmain---StressTest---debugmain---StressTest---debugmain---StressTest---debugmain---StressTest---debugmain---StressTest---debugmain---StressTest---debugmain---StressTest---debugmain---StressTest---debugmain---StressTest---debugmain---StressTest---debugmain---StressTest---debugmain---StressTest---debugmain---StressTest---debugmain---StressTest---debugmain---StressTest---debugmain---StressTest---debugmain---StressTest---debugmain---StressTest---debugmain---StressTest---debugmain---StressTest---debugmain---StressTest---debugmain---StressTest---debugmain---StressTest---debugmain---StressTest---debugmain---StressTest---debugmain---StressTest---debugmain---StressTest---debugmain---StressTest---debugmain---StressTest---debugmain---StressTest---debugmain---StressTest---debugmain---StressTest---debugmain---StressTest---debugmain---StressTest---debugmain---StressTest---debugmain---StressTest---debugmain---StressTest---debugmain---StressTest---debugmain---StressTest---debugmain---StressTest---debugmain---StressTest---debugmain---StressTest---debugmain---StressTest---debugmain---StressTest---debugmain---StressTest---debugmain---StressTest---debugmain---StressTest---debugmain---StressTest---debugmain---StressTest---debugmain---StressTest---debugmain---StressTest---debugmain---StressTest---debugmain---StressTest---debugmain---StressTest---debugmain---StressTest---debugmain---StressTest---debugmain---StressTest---debugmain---StressTest---debugmain---StressTest---debugmain---StressTest---debugmain---StressTest---debugmain---StressTest---debugmain---StressTest---debugmain---StressTest---debugmain---StressTest---debugmain---StressTest---debugmain---StressTest---debugmain---StressTest---debugmain---StressTest---debugmain---StressTest---debugmain---StressTest---debugmain---StressTest---debugmain---StressTest---debugmain---StressTest---debugmain---StressTest---debugmain---StressTest---debugmain---StressTest---debugmain---StressTest---debugmain---StressTest---debugmain---StressTest---debugmain---StressTest---debugmain---StressTest---debugmain---StressTest---debugmain---StressTest---debugmain---StressTest---debugmain---StressTest---debugmain---StressTest---debugmain---StressTest---debugmain---StressTest---debugmain---StressTest---debugmain---StressTest---debugmain---StressTest---debugmain---StressTest---debugmain---StressTest---debugmain---StressTest---debugmain---StressTest---debugmain---StressTest---debugmain---StressTest---debugmain---StressTest---debugmain---StressTest---debugmain---StressTest---debugmain---StressTest---debugmain---StressTest---debugmain---StressTest---debugmain---StressTest---debugmain---StressTest---debugmain---StressTest---debugmain---StressTest---debugmain---StressTest---debugmain---StressTest---debugmain---StressTest---debugmain---StressTest---debugmain---StressTest---debugmain---StressTest---debugmain---StressTest---debugmain---StressTest---debugmain---StressTest---debugmain---StressTest---debugmain---StressTest---debugmain---StressTest---debugmain---StressTest---debugmain---StressTest---debugmain---StressTest---debugmain---StressTest---debugmain---StressTest---debugmain---StressTest---debugmain---StressTest---debugmain---StressTest---debugmain---StressTest---debugmain---StressTest---debugmain---StressTest---debugmain---StressTest---debugmain---StressTest---debugmain---StressTest---debugmain---StressTest---debugmain---StressTest---debugmain---StressTest---debugmain---StressTest---debugmain---StressTest---debugmain---StressTest---debugmain---StressTest---debugmain---StressTest---debugmain---StressTest---debugmain---StressTest---debugmain---StressTest---debugmain---StressTest---debugmain---StressTest---debugmain---StressTest---debugmain---StressTest---debugmain---StressTest---debugmain---StressTest---debugmain---StressTest---debugmain---StressTest---debugmain---StressTest---debugmain---StressTest---debugmain---StressTest---debugmain---StressTest---debugmain---StressTest---debugmain---StressTest---debugmain---StressTest---debugmain---StressTest---debugmain---StressTest---debugmain---StressTest---debugmain---StressTest---debugmain---StressTest---debugmain---StressTest---debugmain---StressTest---debugmain---StressTest---debugmain---StressTest---debugmain---StressTest---debugmain---StressTest---debugmain---StressTest---debugmain---StressTest---debugmain---StressTest---debugmain---StressTest---debugmain---StressTest---debugmain---StressTest---debugmain---StressTest---debugmain---StressTest---debugmain---StressTest---debugmain---StressTest---debugmain---StressTest---debugmain---StressTest---debugmain---StressTest---debugmain---StressTest---debugmain---StressTest---debugmain---StressTest---debugmain---StressTest---debugmain---StressTest---debugmain---StressTest---debugmain---StressTest---debugmain---StressTest---debugmain---StressTest---debugmain---StressTest---debugmain---StressTest---debugmain---StressTest---debugmain---StressTest---debugmain---StressTest---debugmain---StressTest---debugmain---StressTest---debugmain---StressTest---debugmain---StressTest---debugmain---StressTest---debugmain---StressTest---debugmain---StressTest---debugmain---StressTest---debugmain---StressTest---debugmain---StressTest---debugmain---StressTest---debugmain---StressTest---debugmain---StressTest---debugmain---StressTest---debugmain---StressTest---debugmain---StressTest---debugmain---StressTest---debugmain---StressTest---debugmain---StressTest---debugmain---StressTest---debugmain---StressTest---debugmain---StressTest---debugmain---StressTest---debugmain---StressTest---debugmain---StressTest---debugmain---StressTest---debugmain---StressTest---debugmain---StressTest---debugmain---StressTest---debugmain---StressTest---debugmain---StressTest---debugmain---StressTest---debugmain---StressTest---debugmain---StressTest---debugmain---StressTest---debugmain---StressTest---debugmain---StressTest---debugmain---StressTest---debugmain---StressTest---debugmain---StressTest---debugmain---StressTest---debugmain---StressTest---debugmain---StressTest---debugmain---StressTest---debugmain---StressTest---debugmain---StressTest---debugmain---StressTest---debugmain---StressTest---debugmain---StressTest---debugmain---StressTest---debugmain---StressTest---debugmain---StressTest---debugmain---StressTest---debugmain---StressTest---debugmain---StressTest---debugmain---StressTest---debugmain---StressTest---debugmain---StressTest---debugmain---StressTest---debugmain---StressTest---debugmain---StressTest---debugmain---StressTest---debugmain---StressTest---debugmain---StressTest---debugmain---StressTest---debugmain---StressTest---debugmain---StressTest---debugmain---StressTest---debugmain---StressTest---debugmain---StressTest---debugmain---StressTest---debugmain---StressTest---debugmain---StressTest---debugmain---StressTest---debugmain---StressTest---debugmain---StressTest---debugmain---StressTest---debugmain---StressTest---debugmain---StressTest---debugmain---StressTest---debugmain---StressTest---debugmain---StressTest---debugmain---StressTest---debugmain---StressTest---debugmain---StressTest---debugmain---StressTest---debugmain---StressTest---debugmain---StressTest---debugmain---StressTest---debugmain---StressTest---debugmain---StressTest---debugmain---StressTest---debugmain---StressTest---debugmain---StressTest---debugmain---StressTest---debugmain---StressTest---debugmain---StressTest---debugmain---StressTest---debugmain---StressTest---debugmain---StressTest---debugmain---StressTest---debugmain---StressTest---debugmain---StressTest---debugmain---StressTest---debugmain---StressTest---debugmain---StressTest---debugmain---StressTest---debugmain---StressTest---debugmain---StressTest---debugmain---StressTest---debugmain---StressTest---debugmain---StressTest---debugmain---StressTest---debugmain---StressTest---debugmain---StressTest---debugmain---StressTest---debugmain---StressTest---debugmain---StressTest---debugmain---StressTest---debugmain---StressTest---debugmain---StressTest---debugmain---StressTest---debugmain---StressTest---debugmain---StressTest---debugmain---StressTest---debugmain---StressTest---debugmain---StressTest---debugmain---StressTest---debugmain---StressTest---debugmain---StressTest---debugmain---StressTest---debugmain---StressTest---debugmain---StressTest---debugmain---StressTest---debugmain---StressTest---debugmain---StressTest---debugmain---StressTest---debugmain---StressTest---debugmain---StressTest---debugmain---StressTest---debugmain---StressTest---debugmain---StressTest---debugmain---StressTest---debugmain---StressTest---debugmain---StressTest---debugmain---StressTest---debugmain---StressTest---debugmain---StressTest---debugmain---StressTest---debugmain---StressTest---debugmain---StressTest---debugmain---StressTest---debugmain---StressTest---debugmain---StressTest---debugmain---StressTest---debugmain---StressTest---debugmain---StressTest---debugmain---StressTest---debugmain---StressTest---debugmain---StressTest---debugmain---StressTest---debugmain---StressTest---debugmain---StressTest---debugmain---StressTest---debugmain---StressTest---debugmain---StressTest---debugmain---StressTest---debugmain---StressTest---debugmain---StressTest---debugmain---StressTest---debugmain---StressTest---debugmain---StressTest---debugmain---StressTest---debugmain---StressTest---debugmain---StressTest---debugmain---StressTest---debugmain---StressTest---debugmain---StressTest---debugmain---StressTest---debugmain---StressTest---debugmain---StressTest---debugmain---StressTest---debugmain---StressTest---debugmain---StressTest---debugmain---StressTest---debugmain---StressTest---debugmain---StressTest---debugmain---StressTest---debugmain---StressTest---debugmain---StressTest---debugmain---StressTest---debugmain---StressTest---debugmain---StressTest---debugmain---StressTest---debugmain---StressTest---debugmain---StressTest---debugmain---StressTest---debugmain---StressTest---debugmain---StressTest---debugmain---StressTest---debugmain---StressTest---debugmain---StressTest---debugmain---StressTest---debugmain---StressTest---debugmain---StressTest---debugmain---StressTest---debugmain---StressTest---debugmain---StressTest---debugmain---StressTest---debugmain---StressTest---debugmain---StressTest---debugmain---StressTest---debugmain---StressTest---debugmain---StressTest---debugmain---StressTest---debugmain---StressTest---debugmain---StressTest---debugmain---StressTest---debugmain---StressTest---debugmain---StressTest---debugmain---StressTest---debugmain---StressTest---debugmain---StressTest---debugmain---StressTest---debugmain---StressTest---debugmain---StressTest---debugmain---StressTest---debugmain---StressTest---debugmain---StressTest---debugmain---StressTest---debugmain---StressTest---debugmain---StressTest---debugmain---StressTest---debugmain---StressTest---debugmain---StressTest---debugmain---StressTest---debugmain---StressTest---debugmain---StressTest---debugmain---StressTest---debugmain---StressTest---debugmain---StressTest---debugmain---StressTest---debugmain---StressTest---debugmain---StressTest---debugmain---StressTest---debugmain---StressTest---debugmain---StressTest---debugmain---StressTest---debugmain---StressTest---debugmain---StressTest---debugmain---StressTest---debugmain---StressTest---debugmain---StressTest---debugmain---StressTest---debugmain---StressTest---debugmain---StressTest---debugmain---StressTest---debugmain---StressTest---debugmain---StressTest---debugmain---StressTest---debugmain---StressTest---debugmain---StressTest---debugmain---StressTest---debugmain---StressTest---debugmain---StressTest---debugmain---StressTest---debugmain---StressTest---debugmain---StressTest---debugmain---StressTest---debugmain---StressTest---debugmain---StressTest---debugmain---StressTest---debugmain---StressTest---debugmain---StressTest---debugmain---StressTest---debugmain---StressTest---debugmain---StressTest---debugmain---StressTest---debugmain---StressTest---debugmain---StressTest---debugmain---StressTest---debugmain---StressTest---debugmain---StressTest---debugmain---StressTest---debugmain---StressTest---debugmain---StressTest---debugmain---StressTest---debugmain---StressTest---debugmain---StressTest---debugmain---StressTest---debugmain---StressTest---debugmain---StressTest---debugmain---StressTest---debugmain---StressTest---debugmain---StressTest---debugmain---StressTest---debugmain---StressTest---debugmain---StressTest---debugmain---StressTest---debugmain---StressTest---debugmain---StressTest---debugmain---StressTest---debugmain---StressTest---debugmain---StressTest---debugmain---StressTest---debugmain---StressTest---debugmain---StressTest---debugmain---StressTest---debugmain---StressTest---debugmain---StressTest---debugmain---StressTest---debugmain---StressTest---debugmain---StressTest---debugmain---StressTest---debugmain---StressTest---debugmain---StressTest---debugmain---StressTest---debugmain---StressTest---debugmain---StressTest---debugmain---StressTest---debugmain---StressTest---debugmain---StressTest---debugmain---StressTest---debugmain---StressTest---debugmain---StressTest---debugmain---StressTest---debugmain---StressTest---debugmain---StressTest---debugmain---StressTest---debugmain---StressTest---debugmain---StressTest---debugmain---StressTest---debugmain---StressTest---debugmain---StressTest---debugmain---StressTest---debug]]></system-out>
  </testcase>
  <testcase name="fileAppenderTest[0]" classname="StressTest" time="0.021"/>
  <testcase name="patternLayoutTest[0]" classname="StressTest" time="0.001"/>
  <testcase name="beforeMaxSizeTest[0]" classname="StressTest" time="0.005"/>
  <testcase name="velocityLayoutTest[0]" classname="StressTest" time="0.003"/>
  <testcase name="memAppenderWithLinkedListTest[0]" classname="StressTest" time="0.003"/>
  <testcase name="afterMaxSizeTest[0]" classname="StressTest" time="0.004"/>
  <testcase name="parameterizedTest[0]" classname="StressTest" time="0.003"/>
  <testcase name="memAppenderWithArrayListTest[1]" classname="StressTest" time="0.002"/>
  <testcase name="consoleAppenderTest[1]" classname="StressTest" time="0.006">
    <system-out><![CDATA[main---StressTest---debugmain---StressTest---debugmain---StressTest---debugmain---StressTest---debugmain---StressTest---debugmain---StressTest---debugmain---StressTest---debugmain---StressTest---debugmain---StressTest---debugmain---StressTest---debugmain---StressTest---debugmain---StressTest---debugmain---StressTest---debugmain---StressTest---debugmain---StressTest---debugmain---StressTest---debugmain---StressTest---debugmain---StressTest---debugmain---StressTest---debugmain---StressTest---debugmain---StressTest---debugmain---StressTest---debugmain---StressTest---debugmain---StressTest---debugmain---StressTest---debugmain---StressTest---debugmain---StressTest---debugmain---StressTest---debugmain---StressTest---debugmain---StressTest---debugmain---StressTest---debugmain---StressTest---debugmain---StressTest---debugmain---StressTest---debugmain---StressTest---debugmain---StressTest---debugmain---StressTest---debugmain---StressTest---debugmain---StressTest---debugmain---StressTest---debugmain---StressTest---debugmain---StressTest---debugmain---StressTest---debugmain---StressTest---debugmain---StressTest---debugmain---StressTest---debugmain---StressTest---debugmain---StressTest---debugmain---StressTest---debugmain---StressTest---debugmain---StressTest---debugmain---StressTest---debugmain---StressTest---debugmain---StressTest---debugmain---StressTest---debugmain---StressTest---debugmain---StressTest---debugmain---StressTest---debugmain---StressTest---debugmain---StressTest---debugmain---StressTest---debugmain---StressTest---debugmain---StressTest---debugmain---StressTest---debugmain---StressTest---debugmain---StressTest---debugmain---StressTest---debugmain---StressTest---debugmain---StressTest---debugmain---StressTest---debugmain---StressTest---debugmain---StressTest---debugmain---StressTest---debugmain---StressTest---debugmain---StressTest---debugmain---StressTest---debugmain---StressTest---debugmain---StressTest---debugmain---StressTest---debugmain---StressTest---debugmain---StressTest---debugmain---StressTest---debugmain---StressTest---debugmain---StressTest---debugmain---StressTest---debugmain---StressTest---debugmain---StressTest---debugmain---StressTest---debugmain---StressTest---debugmain---StressTest---debugmain---StressTest---debugmain---StressTest---debugmain---StressTest---debugmain---StressTest---debugmain---StressTest---debugmain---StressTest---debugmain---StressTest---debugmain---StressTest---debugmain---StressTest---debugmain---StressTest---debugmain---StressTest---debugmain---StressTest---debugmain---StressTest---debugmain---StressTest---debugmain---StressTest---debugmain---StressTest---debugmain---StressTest---debugmain---StressTest---debugmain---StressTest---debugmain---StressTest---debugmain---StressTest---debugmain---StressTest---debugmain---StressTest---debugmain---StressTest---debugmain---StressTest---debugmain---StressTest---debugmain---StressTest---debugmain---StressTest---debugmain---StressTest---debugmain---StressTest---debugmain---StressTest---debugmain---StressTest---debugmain---StressTest---debugmain---StressTest---debugmain---StressTest---debugmain---StressTest---debugmain---StressTest---debugmain---StressTest---debugmain---StressTest---debugmain---StressTest---debugmain---StressTest---debugmain---StressTest---debugmain---StressTest---debugmain---StressTest---debugmain---StressTest---debugmain---StressTest---debugmain---StressTest---debugmain---StressTest---debugmain---StressTest---debugmain---StressTest---debugmain---StressTest---debugmain---StressTest---debugmain---StressTest---debugmain---StressTest---debugmain---StressTest---debugmain---StressTest---debugmain---StressTest---debugmain---StressTest---debugmain---StressTest---debugmain---StressTest---debugmain---StressTest---debugmain---StressTest---debugmain---StressTest---debugmain---StressTest---debugmain---StressTest---debugmain---StressTest---debugmain---StressTest---debugmain---StressTest---debugmain---StressTest---debugmain---StressTest---debugmain---StressTest---debugmain---StressTest---debugmain---StressTest---debugmain---StressTest---debugmain---StressTest---debugmain---StressTest---debugmain---StressTest---debugmain---StressTest---debugmain---StressTest---debugmain---StressTest---debugmain---StressTest---debugmain---StressTest---debugmain---StressTest---debugmain---StressTest---debugmain---StressTest---debugmain---StressTest---debugmain---StressTest---debugmain---StressTest---debugmain---StressTest---debugmain---StressTest---debugmain---StressTest---debugmain---StressTest---debugmain---StressTest---debugmain---StressTest---debugmain---StressTest---debugmain---StressTest---debugmain---StressTest---debugmain---StressTest---debugmain---StressTest---debugmain---StressTest---debugmain---StressTest---debugmain---StressTest---debugmain---StressTest---debugmain---StressTest---debugmain---StressTest---debugmain---StressTest---debugmain---StressTest---debugmain---StressTest---debugmain---StressTest---debugmain---StressTest---debugmain---StressTest---debugmain---StressTest---debugmain---StressTest---debugmain---StressTest---debugmain---StressTest---debugmain---StressTest---debugmain---StressTest---debugmain---StressTest---debugmain---StressTest---debugmain---StressTest---debugmain---StressTest---debugmain---StressTest---debugmain---StressTest---debugmain---StressTest---debugmain---StressTest---debugmain---StressTest---debugmain---StressTest---debugmain---StressTest---debugmain---StressTest---debugmain---StressTest---debugmain---StressTest---debugmain---StressTest---debugmain---StressTest---debugmain---StressTest---debugmain---StressTest---debugmain---StressTest---debugmain---StressTest---debugmain---StressTest---debugmain---StressTest---debugmain---StressTest---debugmain---StressTest---debugmain---StressTest---debugmain---StressTest---debugmain---StressTest---debugmain---StressTest---debugmain---StressTest---debugmain---StressTest---debugmain---StressTest---debugmain---StressTest---debugmain---StressTest---debugmain---StressTest---debugmain---StressTest---debugmain---StressTest---debugmain---StressTest---debugmain---StressTest---debugmain---StressTest---debugmain---StressTest---debugmain---StressTest---debugmain---StressTest---debugmain---StressTest---debugmain---StressTest---debugmain---StressTest---debugmain---StressTest---debugmain---StressTest---debugmain---StressTest---debugmain---StressTest---debugmain---StressTest---debugmain---StressTest---debugmain---StressTest---debugmain---StressTest---debugmain---StressTest---debugmain---StressTest---debugmain---StressTest---debugmain---StressTest---debugmain---StressTest---debugmain---StressTest---debugmain---StressTest---debugmain---StressTest---debugmain---StressTest---debugmain---StressTest---debugmain---StressTest---debugmain---StressTest---debugmain---StressTest---debugmain---StressTest---debugmain---StressTest---debugmain---StressTest---debugmain---StressTest---debugmain---StressTest---debugmain---StressTest---debugmain---StressTest---debugmain---StressTest---debugmain---StressTest---debugmain---StressTest---debugmain---StressTest---debugmain---StressTest---debugmain---StressTest---debugmain---StressTest---debugmain---StressTest---debugmain---StressTest---debugmain---StressTest---debugmain---StressTest---debugmain---StressTest---debugmain---StressTest---debugmain---StressTest---debugmain---StressTest---debugmain---StressTest---debugmain---StressTest---debugmain---StressTest---debugmain---StressTest---debugmain---StressTest---debugmain---StressTest---debugmain---StressTest---debugmain---StressTest---debugmain---StressTest---debugmain---StressTest---debugmain---StressTest---debugmain---StressTest---debugmain---StressTest---debugmain---StressTest---debugmain---StressTest---debugmain---StressTest---debugmain---StressTest---debugmain---StressTest---debugmain---StressTest---debugmain---StressTest---debugmain---StressTest---debugmain---StressTest---debugmain---StressTest---debugmain---StressTest---debugmain---StressTest---debugmain---StressTest---debugmain---StressTest---debugmain---StressTest---debugmain---StressTest---debugmain---StressTest---debugmain---StressTest---debugmain---StressTest---debugmain---StressTest---debugmain---StressTest---debugmain---StressTest---debugmain---StressTest---debugmain---StressTest---debugmain---StressTest---debugmain---StressTest---debugmain---StressTest---debugmain---StressTest---debugmain---StressTest---debugmain---StressTest---debugmain---StressTest---debugmain---StressTest---debugmain---StressTest---debugmain---StressTest---debugmain---StressTest---debugmain---StressTest---debugmain---StressTest---debugmain---StressTest---debugmain---StressTest---debugmain---StressTest---debugmain---StressTest---debugmain---StressTest---debugmain---StressTest---debugmain---StressTest---debugmain---StressTest---debugmain---StressTest---debugmain---StressTest---debugmain---StressTest---debugmain---StressTest---debugmain---StressTest---debugmain---StressTest---debugmain---StressTest---debugmain---StressTest---debugmain---StressTest---debugmain---StressTest---debugmain---StressTest---debugmain---StressTest---debugmain---StressTest---debugmain---StressTest---debugmain---StressTest---debugmain---StressTest---debugmain---StressTest---debugmain---StressTest---debugmain---StressTest---debugmain---StressTest---debugmain---StressTest---debugmain---StressTest---debugmain---StressTest---debugmain---StressTest---debugmain---StressTest---debugmain---StressTest---debugmain---StressTest---debugmain---StressTest---debugmain---StressTest---debugmain---StressTest---debugmain---StressTest---debugmain---StressTest---debugmain---StressTest---debugmain---StressTest---debugmain---StressTest---debugmain---StressTest---debugmain---StressTest---debugmain---StressTest---debugmain---StressTest---debugmain---StressTest---debugmain---StressTest---debugmain---StressTest---debugmain---StressTest---debugmain---StressTest---debugmain---StressTest---debugmain---StressTest---debugmain---StressTest---debugmain---StressTest---debugmain---StressTest---debugmain---StressTest---debugmain---StressTest---debugmain---StressTest---debugmain---StressTest---debugmain---StressTest---debugmain---StressTest---debugmain---StressTest---debugmain---StressTest---debugmain---StressTest---debugmain---StressTest---debugmain---StressTest---debugmain---StressTest---debugmain---StressTest---debugmain---StressTest---debugmain---StressTest---debugmain---StressTest---debugmain---StressTest---debugmain---StressTest---debugmain---StressTest---debugmain---StressTest---debugmain---StressTest---debugmain---StressTest---debugmain---StressTest---debugmain---StressTest---debugmain---StressTest---debugmain---StressTest---debugmain---StressTest---debugmain---StressTest---debugmain---StressTest---debugmain---StressTest---debugmain---StressTest---debugmain---StressTest---debugmain---StressTest---debugmain---StressTest---debugmain---StressTest---debugmain---StressTest---debugmain---StressTest---debugmain---StressTest---debugmain---StressTest---debugmain---StressTest---debugmain---StressTest---debugmain---StressTest---debugmain---StressTest---debugmain---StressTest---debugmain---StressTest---debugmain---StressTest---debugmain---StressTest---debugmain---StressTest---debugmain---StressTest---debugmain---StressTest---debugmain---StressTest---debugmain---StressTest---debugmain---StressTest---debugmain---StressTest---debugmain---StressTest---debugmain---StressTest---debugmain---StressTest---debugmain---StressTest---debugmain---StressTest---debugmain---StressTest---debugmain---StressTest---debugmain---StressTest---debugmain---StressTest---debugmain---StressTest---debugmain---StressTest---debugmain---StressTest---debugmain---StressTest---debugmain---StressTest---debugmain---StressTest---debugmain---StressTest---debugmain---StressTest---debugmain---StressTest---debugmain---StressTest---debugmain---StressTest---debugmain---StressTest---debugmain---StressTest---debugmain---StressTest---debugmain---StressTest---debugmain---StressTest---debugmain---StressTest---debugmain---StressTest---debugmain---StressTest---debugmain---StressTest---debugmain---StressTest---debugmain---StressTest---debugmain---StressTest---debugmain---StressTest---debugmain---StressTest---debugmain---StressTest---debugmain---StressTest---debugmain---StressTest---debugmain---StressTest---debugmain---StressTest---debugmain---StressTest---debugmain---StressTest---debugmain---StressTest---debugmain---StressTest---debugmain---StressTest---debugmain---StressTest---debugmain---StressTest---debugmain---StressTest---debugmain---StressTest---debugmain---StressTest---debugmain---StressTest---debugmain---StressTest---debugmain---StressTest---debugmain---StressTest---debugmain---StressTest---debugmain---StressTest---debugmain---StressTest---debugmain---StressTest---debugmain---StressTest---debugmain---StressTest---debugmain---StressTest---debugmain---StressTest---debugmain---StressTest---debugmain---StressTest---debugmain---StressTest---debugmain---StressTest---debugmain---StressTest---debugmain---StressTest---debugmain---StressTest---debugmain---StressTest---debugmain---StressTest---debugmain---StressTest---debugmain---StressTest---debugmain---StressTest---debugmain---StressTest---debugmain---StressTest---debugmain---StressTest---debugmain---StressTest---debugmain---StressTest---debugmain---StressTest---debugmain---StressTest---debugmain---StressTest---debugmain---StressTest---debugmain---StressTest---debugmain---StressTest---debugmain---StressTest---debugmain---StressTest---debugmain---StressTest---debugmain---StressTest---debugmain---StressTest---debugmain---StressTest---debugmain---StressTest---debugmain---StressTest---debugmain---StressTest---debugmain---StressTest---debugmain---StressTest---debugmain---StressTest---debugmain---StressTest---debugmain---StressTest---debugmain---StressTest---debugmain---StressTest---debugmain---StressTest---debugmain---StressTest---debugmain---StressTest---debugmain---StressTest---debugmain---StressTest---debugmain---StressTest---debugmain---StressTest---debugmain---StressTest---debugmain---StressTest---debugmain---StressTest---debugmain---StressTest---debugmain---StressTest---debugmain---StressTest---debugmain---StressTest---debugmain---StressTest---debugmain---StressTest---debugmain---StressTest---debugmain---StressTest---debugmain---StressTest---debugmain---StressTest---debugmain---StressTest---debugmain---StressTest---debugmain---StressTest---debugmain---StressTest---debugmain---StressTest---debugmain---StressTest---debugmain---StressTest---debugmain---StressTest---debugmain---StressTest---debugmain---StressTest---debugmain---StressTest---debugmain---StressTest---debugmain---StressTest---debugmain---StressTest---debugmain---StressTest---debugmain---StressTest---debugmain---StressTest---debugmain---StressTest---debugmain---StressTest---debugmain---StressTest---debugmain---StressTest---debugmain---StressTest---debugmain---StressTest---debugmain---StressTest---debugmain---StressTest---debugmain---StressTest---debugmain---StressTest---debugmain---StressTest---debugmain---StressTest---debugmain---StressTest---debugmain---StressTest---debugmain---StressTest---debugmain---StressTest---debugmain---StressTest---debugmain---StressTest---debugmain---StressTest---debugmain---StressTest---debugmain---StressTest---debugmain---StressTest---debugmain---StressTest---debugmain---StressTest---debugmain---StressTest---debugmain---StressTest---debugmain---StressTest---debugmain---StressTest---debugmain---StressTest---debugmain---StressTest---debugmain---StressTest---debugmain---StressTest---debugmain---StressTest---debugmain---StressTest---debugmain---StressTest---debugmain---StressTest---debugmain---StressTest---debugmain---StressTest---debugmain---StressTest---debugmain---StressTest---debugmain---StressTest---debugmain---StressTest---debugmain---StressTest---debugmain---StressTest---debugmain---StressTest---debugmain---StressTest---debugmain---StressTest---debugmain---StressTest---debugmain---StressTest---debugmain---StressTest---debugmain---StressTest---debugmain---StressTest---debugmain---StressTest---debugmain---StressTest---debugmain---StressTest---debugmain---StressTest---debugmain---StressTest---debugmain---StressTest---debugmain---StressTest---debugmain---StressTest---debugmain---StressTest---debugmain---StressTest---debugmain---StressTest---debugmain---StressTest---debugmain---StressTest---debugmain---StressTest---debugmain---StressTest---debugmain---StressTest---debugmain---StressTest---debugmain---StressTest---debugmain---StressTest---debugmain---StressTest---debugmain---StressTest---debugmain---StressTest---debugmain---StressTest---debugmain---StressTest---debugmain---StressTest---debugmain---StressTest---debugmain---StressTest---debugmain---StressTest---debugmain---StressTest---debugmain---StressTest---debugmain---StressTest---debugmain---StressTest---debugmain---StressTest---debugmain---StressTest---debugmain---StressTest---debugmain---StressTest---debugmain---StressTest---debugmain---StressTest---debugmain---StressTest---debugmain---StressTest---debugmain---StressTest---debugmain---StressTest---debugmain---StressTest---debugmain---StressTest---debugmain---StressTest---debugmain---StressTest---debugmain---StressTest---debugmain---StressTest---debugmain---StressTest---debugmain---StressTest---debugmain---StressTest---debugmain---StressTest---debugmain---StressTest---debugmain---StressTest---debugmain---StressTest---debugmain---StressTest---debugmain---StressTest---debugmain---StressTest---debugmain---StressTest---debugmain---StressTest---debugmain---StressTest---debugmain---StressTest---debugmain---StressTest---debugmain---StressTest---debugmain---StressTest---debugmain---StressTest---debugmain---StressTest---debugmain---StressTest---debugmain---StressTest---debugmain---StressTest---debugmain---StressTest---debugmain---StressTest---debugmain---StressTest---debugmain---StressTest---debugmain---StressTest---debugmain---StressTest---debugmain---StressTest---debugmain---StressTest---debugmain---StressTest---debugmain---StressTest---debugmain---StressTest---debugmain---StressTest---debugmain---StressTest---debugmain---StressTest---debugmain---StressTest---debugmain---StressTest---debugmain---StressTest---debugmain---StressTest---debugmain---StressTest---debugmain---StressTest---debugmain---StressTest---debugmain---StressTest---debugmain---StressTest---debugmain---StressTest---debugmain---StressTest---debugmain---StressTest---debugmain---StressTest---debugmain---StressTest---debugmain---StressTest---debugmain---StressTest---debugmain---StressTest---debugmain---StressTest---debugmain---StressTest---debugmain---StressTest---debugmain---StressTest---debugmain---StressTest---debugmain---StressTest---debugmain---StressTest---debugmain---StressTest---debugmain---StressTest---debugmain---StressTest---debugmain---StressTest---debugmain---StressTest---debugmain---StressTest---debugmain---StressTest---debugmain---StressTest---debugmain---StressTest---debugmain---StressTest---debugmain---StressTest---debugmain---StressTest---debugmain---StressTest---debugmain---StressTest---debugmain---StressTest---debugmain---StressTest---debugmain---StressTest---debugmain---StressTest---debugmain---StressTest---debugmain---StressTest---debugmain---StressTest---debugmain---StressTest---debugmain---StressTest---debugmain---StressTest---debugmain---StressTest---debugmain---StressTest---debugmain---StressTest---debugmain---StressTest---debugmain---StressTest---debugmain---StressTest---debugmain---StressTest---debugmain---StressTest---debugmain---StressTest---debugmain---StressTest---debugmain---StressTest---debugmain---StressTest---debugmain---StressTest---debugmain---StressTest---debugmain---StressTest---debugmain---StressTest---debugmain---StressTest---debugmain---StressTest---debugmain---StressTest---debugmain---StressTest---debugmain---StressTest---debugmain---StressTest---debugmain---StressTest---debugmain---StressTest---debugmain---StressTest---debugmain---StressTest---debugmain---StressTest---debugmain---StressTest---debugmain---StressTest---debugmain---StressTest---debugmain---StressTest---debugmain---StressTest---debugmain---StressTest---debugmain---StressTest---debugmain---StressTest---debugmain---StressTest---debugmain---StressTest---debugmain---StressTest---debugmain---StressTest---debugmain---StressTest---debugmain---StressTest---debugmain---StressTest---debugmain---StressTest---debugmain---StressTest---debugmain---StressTest---debugmain---StressTest---debugmain---StressTest---debugmain---StressTest---debugmain---StressTest---debugmain---StressTest---debugmain---StressTest---debugmain---StressTest---debugmain---StressTest---debugmain---StressTest---debugmain---StressTest---debugmain---StressTest---debugmain---StressTest---debugmain---StressTest---debugmain---StressTest---debugmain---StressTest---debugmain---StressTest---debugmain---StressTest---debugmain---StressTest---debugmain---StressTest---debugmain---StressTest---debugmain---StressTest---debugmain---StressTest---debugmain---StressTest---debugmain---StressTest---debugmain---StressTest---debugmain---StressTest---debugmain---StressTest---debugmain---StressTest---debugmain---StressTest---debugmain---StressTest---debugmain---StressTest---debugmain---StressTest---debugmain---StressTest---debugmain---StressTest---debugmain---StressTest---debugmain---StressTest---debugmain---StressTest---debugmain---StressTest---debugmain---StressTest---debugmain---StressTest---debugmain---StressTest---debugmain---StressTest---debugmain---StressTest---debugmain---StressTest---debugmain---StressTest---debugmain---StressTest---debugmain---StressTest---debugmain---StressTest---debugmain---StressTest---debugmain---StressTest---debugmain---StressTest---debugmain---StressTest---debugmain---StressTest---debugmain---StressTest---debugmain---StressTest---debugmain---StressTest---debugmain---StressTest---debugmain---StressTest---debugmain---StressTest---debugmain---StressTest---debugmain---StressTest---debugmain---StressTest---debugmain---StressTest---debugmain---StressTest---debugmain---StressTest---debugmain---StressTest---debugmain---StressTest---debugmain---StressTest---debugmain---StressTest---debugmain---StressTest---debugmain---StressTest---debugmain---StressTest---debugmain---StressTest---debugmain---StressTest---debugmain---StressTest---debugmain---StressTest---debugmain---StressTest---debugmain---StressTest---debugmain---StressTest---debugmain---StressTest---debugmain---StressTest---debugmain---StressTest---debugmain---StressTest---debugmain---StressTest---debugmain---StressTest---debugmain---StressTest---debugmain---StressTest---debugmain---StressTest---debugmain---StressTest---debugmain---StressTest---debugmain---StressTest---debugmain---StressTest---debugmain---StressTest---debugmain---StressTest---debugmain---StressTest---debugmain---StressTest---debugmain---StressTest---debugmain---StressTest---debugmain---StressTest---debugmain---StressTest---debugmain---StressTest---debugmain---StressTest---debugmain---StressTest---debugmain---StressTest---debugmain---StressTest---debugmain---StressTest---debugmain---StressTest---debugmain---StressTest---debugmain---StressTest---debugmain---StressTest---debugmain---StressTest---debugmain---StressTest---debugmain---StressTest---debugmain---StressTest---debugmain---StressTest---debugmain---StressTest---debugmain---StressTest---debugmain---StressTest---debugmain---StressTest---debugmain---StressTest---debugmain---StressTest---debugmain---StressTest---debugmain---StressTest---debugmain---StressTest---debugmain---StressTest---debugmain---StressTest---debugmain---StressTest---debugmain---StressTest---debugmain---StressTest---debugmain---StressTest---debugmain---StressTest---debugmain---StressTest---debugmain---StressTest---debugmain---StressTest---debugmain---StressTest---debugmain---StressTest---debugmain---StressTest---debugmain---StressTest---debugmain---StressTest---debugmain---StressTest---debugmain---StressTest---debugmain---StressTest---debugmain---StressTest---debugmain---StressTest---debugmain---StressTest---debugmain---StressTest---debugmain---StressTest---debugmain---StressTest---debugmain---StressTest---debugmain---StressTest---debugmain---StressTest---debugmain---StressTest---debugmain---StressTest---debugmain---StressTest---debugmain---StressTest---debugmain---StressTest---debugmain---StressTest---debugmain---StressTest---debugmain---StressTest---debugmain---StressTest---debugmain---StressTest---debugmain---StressTest---debugmain---StressTest---debugmain---StressTest---debugmain---StressTest---debugmain---StressTest---debugmain---StressTest---debugmain---StressTest---debugmain---StressTest---debugmain---StressTest---debugmain---StressTest---debugmain---StressTest---debugmain---StressTest---debugmain---StressTest---debugmain---StressTest---debugmain---StressTest---debugmain---StressTest---debugmain---StressTest---debug]]></system-out>
  </testcase>
  <testcase name="fileAppenderTest[1]" classname="StressTest" time="0.013"/>
  <testcase name="patternLayoutTest[1]" classname="StressTest" time="0.0"/>
  <testcase name="beforeMaxSizeTest[1]" classname="StressTest" time="0.0"/>
  <testcase name="velocityLayoutTest[1]" classname="StressTest" time="0.0"/>
  <testcase name="memAppenderWithLinkedListTest[1]" classname="StressTest" time="0.001"/>
  <testcase name="afterMaxSizeTest[1]" classname="StressTest" time="0.001"/>
  <testcase name="parameterizedTest[1]" classname="StressTest" time="0.015">
    <system-out><![CDATA[main---StressTest---debugmain---StressTest---debugmain---StressTest---debugmain---StressTest---debugmain---StressTest---debugmain---StressTest---debugmain---StressTest---debugmain---StressTest---debugmain---StressTest---debugmain---StressTest---debugmain---StressTest---debugmain---StressTest---debugmain---StressTest---debugmain---StressTest---debugmain---StressTest---debugmain---StressTest---debugmain---StressTest---debugmain---StressTest---debugmain---StressTest---debugmain---StressTest---debugmain---StressTest---debugmain---StressTest---debugmain---StressTest---debugmain---StressTest---debugmain---StressTest---debugmain---StressTest---debugmain---StressTest---debugmain---StressTest---debugmain---StressTest---debugmain---StressTest---debugmain---StressTest---debugmain---StressTest---debugmain---StressTest---debugmain---StressTest---debugmain---StressTest---debugmain---StressTest---debugmain---StressTest---debugmain---StressTest---debugmain---StressTest---debugmain---StressTest---debugmain---StressTest---debugmain---StressTest---debugmain---StressTest---debugmain---StressTest---debugmain---StressTest---debugmain---StressTest---debugmain---StressTest---debugmain---StressTest---debugmain---StressTest---debugmain---StressTest---debugmain---StressTest---debugmain---StressTest---debugmain---StressTest---debugmain---StressTest---debugmain---StressTest---debugmain---StressTest---debugmain---StressTest---debugmain---StressTest---debugmain---StressTest---debugmain---StressTest---debugmain---StressTest---debugmain---StressTest---debugmain---StressTest---debugmain---StressTest---debugmain---StressTest---debugmain---StressTest---debugmain---StressTest---debugmain---StressTest---debugmain---StressTest---debugmain---StressTest---debugmain---StressTest---debugmain---StressTest---debugmain---StressTest---debugmain---StressTest---debugmain---StressTest---debugmain---StressTest---debugmain---StressTest---debugmain---StressTest---debugmain---StressTest---debugmain---StressTest---debugmain---StressTest---debugmain---StressTest---debugmain---StressTest---debugmain---StressTest---debugmain---StressTest---debugmain---StressTest---debugmain---StressTest---debugmain---StressTest---debugmain---StressTest---debugmain---StressTest---debugmain---StressTest---debugmain---StressTest---debugmain---StressTest---debugmain---StressTest---debugmain---StressTest---debugmain---StressTest---debugmain---StressTest---debugmain---StressTest---debugmain---StressTest---debugmain---StressTest---debugmain---StressTest---debugmain---StressTest---debugmain---StressTest---debugmain---StressTest---debugmain---StressTest---debugmain---StressTest---debugmain---StressTest---debugmain---StressTest---debugmain---StressTest---debugmain---StressTest---debugmain---StressTest---debugmain---StressTest---debugmain---StressTest---debugmain---StressTest---debugmain---StressTest---debugmain---StressTest---debugmain---StressTest---debugmain---StressTest---debugmain---StressTest---debugmain---StressTest---debugmain---StressTest---debugmain---StressTest---debugmain---StressTest---debugmain---StressTest---debugmain---StressTest---debugmain---StressTest---debugmain---StressTest---debugmain---StressTest---debugmain---StressTest---debugmain---StressTest---debugmain---StressTest---debugmain---StressTest---debugmain---StressTest---debugmain---StressTest---debugmain---StressTest---debugmain---StressTest---debugmain---StressTest---debugmain---StressTest---debugmain---StressTest---debugmain---StressTest---debugmain---StressTest---debugmain---StressTest---debugmain---StressTest---debugmain---StressTest---debugmain---StressTest---debugmain---StressTest---debugmain---StressTest---debugmain---StressTest---debugmain---StressTest---debugmain---StressTest---debugmain---StressTest---debugmain---StressTest---debugmain---StressTest---debugmain---StressTest---debugmain---StressTest---debugmain---StressTest---debugmain---StressTest---debugmain---StressTest---debugmain---StressTest---debugmain---StressTest---debugmain---StressTest---debugmain---StressTest---debugmain---StressTest---debugmain---StressTest---debugmain---StressTest---debugmain---StressTest---debugmain---StressTest---debugmain---StressTest---debugmain---StressTest---debugmain---StressTest---debugmain---StressTest---debugmain---StressTest---debugmain---StressTest---debugmain---StressTest---debugmain---StressTest---debugmain---StressTest---debugmain---StressTest---debugmain---StressTest---debugmain---StressTest---debugmain---StressTest---debugmain---StressTest---debugmain---StressTest---debugmain---StressTest---debugmain---StressTest---debugmain---StressTest---debugmain---StressTest---debugmain---StressTest---debugmain---StressTest---debugmain---StressTest---debugmain---StressTest---debugmain---StressTest---debugmain---StressTest---debugmain---StressTest---debugmain---StressTest---debugmain---StressTest---debugmain---StressTest---debugmain---StressTest---debugmain---StressTest---debugmain---StressTest---debugmain---StressTest---debugmain---StressTest---debugmain---StressTest---debugmain---StressTest---debugmain---StressTest---debugmain---StressTest---debugmain---StressTest---debugmain---StressTest---debugmain---StressTest---debugmain---StressTest---debugmain---StressTest---debugmain---StressTest---debugmain---StressTest---debugmain---StressTest---debugmain---StressTest---debugmain---StressTest---debugmain---StressTest---debugmain---StressTest---debugmain---StressTest---debugmain---StressTest---debugmain---StressTest---debugmain---StressTest---debugmain---StressTest---debugmain---StressTest---debugmain---StressTest---debugmain---StressTest---debugmain---StressTest---debugmain---StressTest---debugmain---StressTest---debugmain---StressTest---debugmain---StressTest---debugmain---StressTest---debugmain---StressTest---debugmain---StressTest---debugmain---StressTest---debugmain---StressTest---debugmain---StressTest---debugmain---StressTest---debugmain---StressTest---debugmain---StressTest---debugmain---StressTest---debugmain---StressTest---debugmain---StressTest---debugmain---StressTest---debugmain---StressTest---debugmain---StressTest---debugmain---StressTest---debugmain---StressTest---debugmain---StressTest---debugmain---StressTest---debugmain---StressTest---debugmain---StressTest---debugmain---StressTest---debugmain---StressTest---debugmain---StressTest---debugmain---StressTest---debugmain---StressTest---debugmain---StressTest---debugmain---StressTest---debugmain---StressTest---debugmain---StressTest---debugmain---StressTest---debugmain---StressTest---debugmain---StressTest---debugmain---StressTest---debugmain---StressTest---debugmain---StressTest---debugmain---StressTest---debugmain---StressTest---debugmain---StressTest---debugmain---StressTest---debugmain---StressTest---debugmain---StressTest---debugmain---StressTest---debugmain---StressTest---debugmain---StressTest---debugmain---StressTest---debugmain---StressTest---debugmain---StressTest---debugmain---StressTest---debugmain---StressTest---debugmain---StressTest---debugmain---StressTest---debugmain---StressTest---debugmain---StressTest---debugmain---StressTest---debugmain---StressTest---debugmain---StressTest---debugmain---StressTest---debugmain---StressTest---debugmain---StressTest---debugmain---StressTest---debugmain---StressTest---debugmain---StressTest---debugmain---StressTest---debugmain---StressTest---debugmain---StressTest---debugmain---StressTest---debugmain---StressTest---debugmain---StressTest---debugmain---StressTest---debugmain---StressTest---debugmain---StressTest---debugmain---StressTest---debugmain---StressTest---debugmain---StressTest---debugmain---StressTest---debugmain---StressTest---debugmain---StressTest---debugmain---StressTest---debugmain---StressTest---debugmain---StressTest---debugmain---StressTest---debugmain---StressTest---debugmain---StressTest---debugmain---StressTest---debugmain---StressTest---debugmain---StressTest---debugmain---StressTest---debugmain---StressTest---debugmain---StressTest---debugmain---StressTest---debugmain---StressTest---debugmain---StressTest---debugmain---StressTest---debugmain---StressTest---debugmain---StressTest---debugmain---StressTest---debugmain---StressTest---debugmain---StressTest---debugmain---StressTest---debugmain---StressTest---debugmain---StressTest---debugmain---StressTest---debugmain---StressTest---debugmain---StressTest---debugmain---StressTest---debugmain---StressTest---debugmain---StressTest---debugmain---StressTest---debugmain---StressTest---debugmain---StressTest---debugmain---StressTest---debugmain---StressTest---debugmain---StressTest---debugmain---StressTest---debugmain---StressTest---debugmain---StressTest---debugmain---StressTest---debugmain---StressTest---debugmain---StressTest---debugmain---StressTest---debugmain---StressTest---debugmain---StressTest---debugmain---StressTest---debugmain---StressTest---debugmain---StressTest---debugmain---StressTest---debugmain---StressTest---debugmain---StressTest---debugmain---StressTest---debugmain---StressTest---debugmain---StressTest---debugmain---StressTest---debugmain---StressTest---debugmain---StressTest---debugmain---StressTest---debugmain---StressTest---debugmain---StressTest---debugmain---StressTest---debugmain---StressTest---debugmain---StressTest---debugmain---StressTest---debugmain---StressTest---debugmain---StressTest---debugmain---StressTest---debugmain---StressTest---debugmain---StressTest---debugmain---StressTest---debugmain---StressTest---debugmain---StressTest---debugmain---StressTest---debugmain---StressTest---debugmain---StressTest---debugmain---StressTest---debugmain---StressTest---debugmain---StressTest---debugmain---StressTest---debugmain---StressTest---debugmain---StressTest---debugmain---StressTest---debugmain---StressTest---debugmain---StressTest---debugmain---StressTest---debugmain---StressTest---debugmain---StressTest---debugmain---StressTest---debugmain---StressTest---debugmain---StressTest---debugmain---StressTest---debugmain---StressTest---debugmain---StressTest---debugmain---StressTest---debugmain---StressTest---debugmain---StressTest---debugmain---StressTest---debugmain---StressTest---debugmain---StressTest---debugmain---StressTest---debugmain---StressTest---debugmain---StressTest---debugmain---StressTest---debugmain---StressTest---debugmain---StressTest---debugmain---StressTest---debugmain---StressTest---debugmain---StressTest---debugmain---StressTest---debugmain---StressTest---debugmain---StressTest---debugmain---StressTest---debugmain---StressTest---debugmain---StressTest---debugmain---StressTest---debugmain---StressTest---debugmain---StressTest---debugmain---StressTest---debugmain---StressTest---debugmain---StressTest---debugmain---StressTest---debugmain---StressTest---debugmain---StressTest---debugmain---StressTest---debugmain---StressTest---debugmain---StressTest---debugmain---StressTest---debugmain---StressTest---debugmain---StressTest---debugmain---StressTest---debugmain---StressTest---debugmain---StressTest---debugmain---StressTest---debugmain---StressTest---debugmain---StressTest---debugmain---StressTest---debugmain---StressTest---debugmain---StressTest---debugmain---StressTest---debugmain---StressTest---debugmain---StressTest---debugmain---StressTest---debugmain---StressTest---debugmain---StressTest---debugmain---StressTest---debugmain---StressTest---debugmain---StressTest---debugmain---StressTest---debugmain---StressTest---debugmain---StressTest---debugmain---StressTest---debugmain---StressTest---debugmain---StressTest---debugmain---StressTest---debugmain---StressTest---debugmain---StressTest---debugmain---StressTest---debugmain---StressTest---debugmain---StressTest---debugmain---StressTest---debugmain---StressTest---debugmain---StressTest---debugmain---StressTest---debugmain---StressTest---debugmain---StressTest---debugmain---StressTest---debugmain---StressTest---debugmain---StressTest---debugmain---StressTest---debugmain---StressTest---debugmain---StressTest---debugmain---StressTest---debugmain---StressTest---debugmain---StressTest---debugmain---StressTest---debugmain---StressTest---debugmain---StressTest---debugmain---StressTest---debugmain---StressTest---debugmain---StressTest---debugmain---StressTest---debugmain---StressTest---debugmain---StressTest---debugmain---StressTest---debugmain---StressTest---debugmain---StressTest---debugmain---StressTest---debugmain---StressTest---debugmain---StressTest---debugmain---StressTest---debugmain---StressTest---debugmain---StressTest---debugmain---StressTest---debugmain---StressTest---debugmain---StressTest---debugmain---StressTest---debugmain---StressTest---debugmain---StressTest---debugmain---StressTest---debugmain---StressTest---debugmain---StressTest---debugmain---StressTest---debugmain---StressTest---debugmain---StressTest---debugmain---StressTest---debugmain---StressTest---debugmain---StressTest---debugmain---StressTest---debugmain---StressTest---debugmain---StressTest---debugmain---StressTest---debugmain---StressTest---debugmain---StressTest---debugmain---StressTest---debugmain---StressTest---debugmain---StressTest---debugmain---StressTest---debugmain---StressTest---debugmain---StressTest---debugmain---StressTest---debugmain---StressTest---debugmain---StressTest---debugmain---StressTest---debugmain---StressTest---debugmain---StressTest---debugmain---StressTest---debugmain---StressTest---debugmain---StressTest---debugmain---StressTest---debugmain---StressTest---debugmain---StressTest---debugmain---StressTest---debugmain---StressTest---debugmain---StressTest---debugmain---StressTest---debugmain---StressTest---debugmain---StressTest---debugmain---StressTest---debugmain---StressTest---debugmain---StressTest---debugmain---StressTest---debugmain---StressTest---debugmain---StressTest---debugmain---StressTest---debugmain---StressTest---debugmain---StressTest---debugmain---StressTest---debugmain---StressTest---debugmain---StressTest---debugmain---StressTest---debugmain---StressTest---debugmain---StressTest---debugmain---StressTest---debugmain---StressTest---debugmain---StressTest---debugmain---StressTest---debugmain---StressTest---debugmain---StressTest---debugmain---StressTest---debugmain---StressTest---debugmain---StressTest---debugmain---StressTest---debugmain---StressTest---debugmain---StressTest---debugmain---StressTest---debugmain---StressTest---debugmain---StressTest---debugmain---StressTest---debugmain---StressTest---debugmain---StressTest---debugmain---StressTest---debugmain---StressTest---debugmain---StressTest---debugmain---StressTest---debugmain---StressTest---debugmain---StressTest---debugmain---StressTest---debugmain---StressTest---debugmain---StressTest---debugmain---StressTest---debugmain---StressTest---debugmain---StressTest---debugmain---StressTest---debugmain---StressTest---debugmain---StressTest---debugmain---StressTest---debugmain---StressTest---debugmain---StressTest---debugmain---StressTest---debugmain---StressTest---debugmain---StressTest---debugmain---StressTest---debugmain---StressTest---debugmain---StressTest---debugmain---StressTest---debugmain---StressTest---debugmain---StressTest---debugmain---StressTest---debugmain---StressTest---debugmain---StressTest---debugmain---StressTest---debugmain---StressTest---debugmain---StressTest---debugmain---StressTest---debugmain---StressTest---debugmain---StressTest---debugmain---StressTest---debugmain---StressTest---debugmain---StressTest---debugmain---StressTest---debugmain---StressTest---debugmain---StressTest---debugmain---StressTest---debugmain---StressTest---debugmain---StressTest---debugmain---StressTest---debugmain---StressTest---debugmain---StressTest---debugmain---StressTest---debugmain---StressTest---debugmain---StressTest---debugmain---StressTest---debugmain---StressTest---debugmain---StressTest---debugmain---StressTest---debugmain---StressTest---debugmain---StressTest---debugmain---StressTest---debugmain---StressTest---debugmain---StressTest---debugmain---StressTest---debugmain---StressTest---debugmain---StressTest---debugmain---StressTest---debugmain---StressTest---debugmain---StressTest---debugmain---StressTest---debugmain---StressTest---debugmain---StressTest---debugmain---StressTest---debugmain---StressTest---debugmain---StressTest---debugmain---StressTest---debugmain---StressTest---debugmain---StressTest---debugmain---StressTest---debugmain---StressTest---debugmain---StressTest---debugmain---StressTest---debugmain---StressTest---debugmain---StressTest---debugmain---StressTest---debugmain---StressTest---debugmain---StressTest---debugmain---StressTest---debugmain---StressTest---debugmain---StressTest---debugmain---StressTest---debugmain---StressTest---debugmain---StressTest---debugmain---StressTest---debugmain---StressTest---debugmain---StressTest---debugmain---StressTest---debugmain---StressTest---debugmain---StressTest---debugmain---StressTest---debugmain---StressTest---debugmain---StressTest---debugmain---StressTest---debugmain---StressTest---debugmain---StressTest---debugmain---StressTest---debugmain---StressTest---debugmain---StressTest---debugmain---StressTest---debugmain---StressTest---debugmain---StressTest---debugmain---StressTest---debugmain---StressTest---debugmain---StressTest---debugmain---StressTest---debugmain---StressTest---debugmain---StressTest---debugmain---StressTest---debugmain---StressTest---debugmain---StressTest---debugmain---StressTest---debugmain---StressTest---debugmain---StressTest---debugmain---StressTest---debugmain---StressTest---debugmain---StressTest---debugmain---StressTest---debugmain---StressTest---debugmain---StressTest---debugmain---StressTest---debugmain---StressTest---debugmain---StressTest---debugmain---StressTest---debugmain---StressTest---debugmain---StressTest---debugmain---StressTest---debugmain---StressTest---debugmain---StressTest---debugmain---StressTest---debugmain---StressTest---debugmain---StressTest---debugmain---StressTest---debugmain---StressTest---debugmain---StressTest---debugmain---StressTest---debugmain---StressTest---debugmain---StressTest---debugmain---StressTest---debugmain---StressTest---debugmain---StressTest---debugmain---StressTest---debugmain---StressTest---debugmain---StressTest---debugmain---StressTest---debugmain---StressTest---debugmain---StressTest---debugmain---StressTest---debugmain---StressTest---debugmain---StressTest---debugmain---StressTest---debugmain---StressTest---debugmain---StressTest---debugmain---StressTest---debugmain---StressTest---debugmain---StressTest---debugmain---StressTest---debugmain---StressTest---debugmain---StressTest---debugmain---StressTest---debugmain---StressTest---debugmain---StressTest---debugmain---StressTest---debugmain---StressTest---debugmain---StressTest---debugmain---StressTest---debugmain---StressTest---debugmain---StressTest---debugmain---StressTest---debugmain---StressTest---debugmain---StressTest---debugmain---StressTest---debugmain---StressTest---debugmain---StressTest---debugmain---StressTest---debugmain---StressTest---debugmain---StressTest---debugmain---StressTest---debugmain---StressTest---debugmain---StressTest---debugmain---StressTest---debugmain---StressTest---debugmain---StressTest---debugmain---StressTest---debugmain---StressTest---debugmain---StressTest---debugmain---StressTest---debugmain---StressTest---debugmain---StressTest---debugmain---StressTest---debugmain---StressTest---debugmain---StressTest---debugmain---StressTest---debugmain---StressTest---debugmain---StressTest---debugmain---StressTest---debugmain---StressTest---debugmain---StressTest---debugmain---StressTest---debugmain---StressTest---debugmain---StressTest---debugmain---StressTest---debugmain---StressTest---debugmain---StressTest---debugmain---StressTest---debugmain---StressTest---debugmain---StressTest---debugmain---StressTest---debugmain---StressTest---debugmain---StressTest---debugmain---StressTest---debugmain---StressTest---debugmain---StressTest---debugmain---StressTest---debugmain---StressTest---debugmain---StressTest---debugmain---StressTest---debugmain---StressTest---debugmain---StressTest---debugmain---StressTest---debugmain---StressTest---debugmain---StressTest---debugmain---StressTest---debugmain---StressTest---debugmain---StressTest---debugmain---StressTest---debugmain---StressTest---debugmain---StressTest---debugmain---StressTest---debugmain---StressTest---debugmain---StressTest---debugmain---StressTest---debugmain---StressTest---debugmain---StressTest---debugmain---StressTest---debugmain---StressTest---debugmain---StressTest---debugmain---StressTest---debugmain---StressTest---debugmain---StressTest---debugmain---StressTest---debugmain---StressTest---debugmain---StressTest---debugmain---StressTest---debugmain---StressTest---debugmain---StressTest---debugmain---StressTest---debugmain---StressTest---debugmain---StressTest---debugmain---StressTest---debugmain---StressTest---debugmain---StressTest---debugmain---StressTest---debugmain---StressTest---debugmain---StressTest---debugmain---StressTest---debugmain---StressTest---debugmain---StressTest---debugmain---StressTest---debugmain---StressTest---debugmain---StressTest---debugmain---StressTest---debugmain---StressTest---debugmain---StressTest---debugmain---StressTest---debugmain---StressTest---debugmain---StressTest---debugmain---StressTest---debugmain---StressTest---debugmain---StressTest---debugmain---StressTest---debugmain---StressTest---debugmain---StressTest---debugmain---StressTest---debugmain---StressTest---debugmain---StressTest---debugmain---StressTest---debugmain---StressTest---debugmain---StressTest---debugmain---StressTest---debugmain---StressTest---debugmain---StressTest---debugmain---StressTest---debugmain---StressTest---debugmain---StressTest---debugmain---StressTest---debugmain---StressTest---debugmain---StressTest---debugmain---StressTest---debugmain---StressTest---debugmain---StressTest---debugmain---StressTest---debugmain---StressTest---debugmain---StressTest---debugmain---StressTest---debugmain---StressTest---debugmain---StressTest---debugmain---StressTest---debugmain---StressTest---debugmain---StressTest---debugmain---StressTest---debugmain---StressTest---debugmain---StressTest---debugmain---StressTest---debugmain---StressTest---debugmain---StressTest---debugmain---StressTest---debugmain---StressTest---debugmain---StressTest---debugmain---StressTest---debugmain---StressTest---debugmain---StressTest---debugmain---StressTest---debugmain---StressTest---debugmain---StressTest---debugmain---StressTest---debugmain---StressTest---debugmain---StressTest---debugmain---StressTest---debugmain---StressTest---debugmain---StressTest---debugmain---StressTest---debugmain---StressTest---debugmain---StressTest---debugmain---StressTest---debugmain---StressTest---debugmain---StressTest---debugmain---StressTest---debugmain---StressTest---debugmain---StressTest---debugmain---StressTest---debugmain---StressTest---debugmain---StressTest---debugmain---StressTest---debugmain---StressTest---debugmain---StressTest---debugmain---StressTest---debugmain---StressTest---debugmain---StressTest---debugmain---StressTest---debugmain---StressTest---debugmain---StressTest---debugmain---StressTest---debugmain---StressTest---debugmain---StressTest---debugmain---StressTest---debugmain---StressTest---debugmain---StressTest---debugmain---StressTest---debugmain---StressTest---debugmain---StressTest---debugmain---StressTest---debugmain---StressTest---debugmain---StressTest---debugmain---StressTest---debugmain---StressTest---debugmain---StressTest---debugmain---StressTest---debugmain---StressTest---debugmain---StressTest---debugmain---StressTest---debugmain---StressTest---debugmain---StressTest---debugmain---StressTest---debugmain---StressTest---debugmain---StressTest---debugmain---StressTest---debugmain---StressTest---debugmain---StressTest---debugmain---StressTest---debugmain---StressTest---debugmain---StressTest---debugmain---StressTest---debugmain---StressTest---debugmain---StressTest---debugmain---StressTest---debugmain---StressTest---debugmain---StressTest---debugmain---StressTest---debugmain---StressTest---debugmain---StressTest---debugmain---StressTest---debugmain---StressTest---debugmain---StressTest---debugmain---StressTest---debugmain---StressTest---debugmain---StressTest---debugmain---StressTest---debugmain---StressTest---debugmain---StressTest---debugmain---StressTest---debugmain---StressTest---debugmain---StressTest---debugmain---StressTest---debugmain---StressTest---debugmain---StressTest---debugmain---StressTest---debugmain---StressTest---debugmain---StressTest---debugmain---StressTest---debugmain---StressTest---debugmain---StressTest---debugmain---StressTest---debugmain---StressTest---debugmain---StressTest---debugmain---StressTest---debugmain---StressTest---debugmain---StressTest---debugmain---StressTest---debugmain---StressTest---debugmain---StressTest---debugmain---StressTest---debugmain---StressTest---debugmain---StressTest---debugmain---StressTest---debugmain---StressTest---debug]]></system-out>
  </testcase>
  <testcase name="memAppenderWithArrayListTest[2]" classname="StressTest" time="0.002"/>
  <testcase name="consoleAppenderTest[2]" classname="StressTest" time="0.004">
    <system-out><![CDATA[main---StressTest---debugmain---StressTest---debugmain---StressTest---debugmain---StressTest---debugmain---StressTest---debugmain---StressTest---debugmain---StressTest---debugmain---StressTest---debugmain---StressTest---debugmain---StressTest---debugmain---StressTest---debugmain---StressTest---debugmain---StressTest---debugmain---StressTest---debugmain---StressTest---debugmain---StressTest---debugmain---StressTest---debugmain---StressTest---debugmain---StressTest---debugmain---StressTest---debugmain---StressTest---debugmain---StressTest---debugmain---StressTest---debugmain---StressTest---debugmain---StressTest---debugmain---StressTest---debugmain---StressTest---debugmain---StressTest---debugmain---StressTest---debugmain---StressTest---debugmain---StressTest---debugmain---StressTest---debugmain---StressTest---debugmain---StressTest---debugmain---StressTest---debugmain---StressTest---debugmain---StressTest---debugmain---StressTest---debugmain---StressTest---debugmain---StressTest---debugmain---StressTest---debugmain---StressTest---debugmain---StressTest---debugmain---StressTest---debugmain---StressTest---debugmain---StressTest---debugmain---StressTest---debugmain---StressTest---debugmain---StressTest---debugmain---StressTest---debugmain---StressTest---debugmain---StressTest---debugmain---StressTest---debugmain---StressTest---debugmain---StressTest---debugmain---StressTest---debugmain---StressTest---debugmain---StressTest---debugmain---StressTest---debugmain---StressTest---debugmain---StressTest---debugmain---StressTest---debugmain---StressTest---debugmain---StressTest---debugmain---StressTest---debugmain---StressTest---debugmain---StressTest---debugmain---StressTest---debugmain---StressTest---debugmain---StressTest---debugmain---StressTest---debugmain---StressTest---debugmain---StressTest---debugmain---StressTest---debugmain---StressTest---debugmain---StressTest---debugmain---StressTest---debugmain---StressTest---debugmain---StressTest---debugmain---StressTest---debugmain---StressTest---debugmain---StressTest---debugmain---StressTest---debugmain---StressTest---debugmain---StressTest---debugmain---StressTest---debugmain---StressTest---debugmain---StressTest---debugmain---StressTest---debugmain---StressTest---debugmain---StressTest---debugmain---StressTest---debugmain---StressTest---debugmain---StressTest---debugmain---StressTest---debugmain---StressTest---debugmain---StressTest---debugmain---StressTest---debugmain---StressTest---debugmain---StressTest---debugmain---StressTest---debugmain---StressTest---debugmain---StressTest---debugmain---StressTest---debugmain---StressTest---debugmain---StressTest---debugmain---StressTest---debugmain---StressTest---debugmain---StressTest---debugmain---StressTest---debugmain---StressTest---debugmain---StressTest---debugmain---StressTest---debugmain---StressTest---debugmain---StressTest---debugmain---StressTest---debugmain---StressTest---debugmain---StressTest---debugmain---StressTest---debugmain---StressTest---debugmain---StressTest---debugmain---StressTest---debugmain---StressTest---debugmain---StressTest---debugmain---StressTest---debugmain---StressTest---debugmain---StressTest---debugmain---StressTest---debugmain---StressTest---debugmain---StressTest---debugmain---StressTest---debugmain---StressTest---debugmain---StressTest---debugmain---StressTest---debugmain---StressTest---debugmain---StressTest---debugmain---StressTest---debugmain---StressTest---debugmain---StressTest---debugmain---StressTest---debugmain---StressTest---debugmain---StressTest---debugmain---StressTest---debugmain---StressTest---debugmain---StressTest---debugmain---StressTest---debugmain---StressTest---debugmain---StressTest---debugmain---StressTest---debugmain---StressTest---debugmain---StressTest---debugmain---StressTest---debugmain---StressTest---debugmain---StressTest---debugmain---StressTest---debugmain---StressTest---debugmain---StressTest---debugmain---StressTest---debugmain---StressTest---debugmain---StressTest---debugmain---StressTest---debugmain---StressTest---debugmain---StressTest---debugmain---StressTest---debugmain---StressTest---debugmain---StressTest---debugmain---StressTest---debugmain---StressTest---debugmain---StressTest---debugmain---StressTest---debugmain---StressTest---debugmain---StressTest---debugmain---StressTest---debugmain---StressTest---debugmain---StressTest---debugmain---StressTest---debugmain---StressTest---debugmain---StressTest---debugmain---StressTest---debugmain---StressTest---debugmain---StressTest---debugmain---StressTest---debugmain---StressTest---debugmain---StressTest---debugmain---StressTest---debugmain---StressTest---debugmain---StressTest---debugmain---StressTest---debugmain---StressTest---debugmain---StressTest---debugmain---StressTest---debugmain---StressTest---debugmain---StressTest---debugmain---StressTest---debugmain---StressTest---debugmain---StressTest---debugmain---StressTest---debugmain---StressTest---debugmain---StressTest---debugmain---StressTest---debugmain---StressTest---debugmain---StressTest---debugmain---StressTest---debugmain---StressTest---debugmain---StressTest---debugmain---StressTest---debugmain---StressTest---debugmain---StressTest---debugmain---StressTest---debugmain---StressTest---debugmain---StressTest---debugmain---StressTest---debugmain---StressTest---debugmain---StressTest---debugmain---StressTest---debugmain---StressTest---debugmain---StressTest---debugmain---StressTest---debugmain---StressTest---debugmain---StressTest---debugmain---StressTest---debugmain---StressTest---debugmain---StressTest---debugmain---StressTest---debugmain---StressTest---debugmain---StressTest---debugmain---StressTest---debugmain---StressTest---debugmain---StressTest---debugmain---StressTest---debugmain---StressTest---debugmain---StressTest---debugmain---StressTest---debugmain---StressTest---debugmain---StressTest---debugmain---StressTest---debugmain---StressTest---debugmain---StressTest---debugmain---StressTest---debugmain---StressTest---debugmain---StressTest---debugmain---StressTest---debugmain---StressTest---debugmain---StressTest---debugmain---StressTest---debugmain---StressTest---debugmain---StressTest---debugmain---StressTest---debugmain---StressTest---debugmain---StressTest---debugmain---StressTest---debugmain---StressTest---debugmain---StressTest---debugmain---StressTest---debugmain---StressTest---debugmain---StressTest---debugmain---StressTest---debugmain---StressTest---debugmain---StressTest---debugmain---StressTest---debugmain---StressTest---debugmain---StressTest---debugmain---StressTest---debugmain---StressTest---debugmain---StressTest---debugmain---StressTest---debugmain---StressTest---debugmain---StressTest---debugmain---StressTest---debugmain---StressTest---debugmain---StressTest---debugmain---StressTest---debugmain---StressTest---debugmain---StressTest---debugmain---StressTest---debugmain---StressTest---debugmain---StressTest---debugmain---StressTest---debugmain---StressTest---debugmain---StressTest---debugmain---StressTest---debugmain---StressTest---debugmain---StressTest---debugmain---StressTest---debugmain---StressTest---debugmain---StressTest---debugmain---StressTest---debugmain---StressTest---debugmain---StressTest---debugmain---StressTest---debugmain---StressTest---debugmain---StressTest---debugmain---StressTest---debugmain---StressTest---debugmain---StressTest---debugmain---StressTest---debugmain---StressTest---debugmain---StressTest---debugmain---StressTest---debugmain---StressTest---debugmain---StressTest---debugmain---StressTest---debugmain---StressTest---debugmain---StressTest---debugmain---StressTest---debugmain---StressTest---debugmain---StressTest---debugmain---StressTest---debugmain---StressTest---debugmain---StressTest---debugmain---StressTest---debugmain---StressTest---debugmain---StressTest---debugmain---StressTest---debugmain---StressTest---debugmain---StressTest---debugmain---StressTest---debugmain---StressTest---debugmain---StressTest---debugmain---StressTest---debugmain---StressTest---debugmain---StressTest---debugmain---StressTest---debugmain---StressTest---debugmain---StressTest---debugmain---StressTest---debugmain---StressTest---debugmain---StressTest---debugmain---StressTest---debugmain---StressTest---debugmain---StressTest---debugmain---StressTest---debugmain---StressTest---debugmain---StressTest---debugmain---StressTest---debugmain---StressTest---debugmain---StressTest---debugmain---StressTest---debugmain---StressTest---debugmain---StressTest---debugmain---StressTest---debugmain---StressTest---debugmain---StressTest---debugmain---StressTest---debugmain---StressTest---debugmain---StressTest---debugmain---StressTest---debugmain---StressTest---debugmain---StressTest---debugmain---StressTest---debugmain---StressTest---debugmain---StressTest---debugmain---StressTest---debugmain---StressTest---debugmain---StressTest---debugmain---StressTest---debugmain---StressTest---debugmain---StressTest---debugmain---StressTest---debugmain---StressTest---debugmain---StressTest---debugmain---StressTest---debugmain---StressTest---debugmain---StressTest---debugmain---StressTest---debugmain---StressTest---debugmain---StressTest---debugmain---StressTest---debugmain---StressTest---debugmain---StressTest---debugmain---StressTest---debugmain---StressTest---debugmain---StressTest---debugmain---StressTest---debugmain---StressTest---debugmain---StressTest---debugmain---StressTest---debugmain---StressTest---debugmain---StressTest---debugmain---StressTest---debugmain---StressTest---debugmain---StressTest---debugmain---StressTest---debugmain---StressTest---debugmain---StressTest---debugmain---StressTest---debugmain---StressTest---debugmain---StressTest---debugmain---StressTest---debugmain---StressTest---debugmain---StressTest---debugmain---StressTest---debugmain---StressTest---debugmain---StressTest---debugmain---StressTest---debugmain---StressTest---debugmain---StressTest---debugmain---StressTest---debugmain---StressTest---debugmain---StressTest---debugmain---StressTest---debugmain---StressTest---debugmain---StressTest---debugmain---StressTest---debugmain---StressTest---debugmain---StressTest---debugmain---StressTest---debugmain---StressTest---debugmain---StressTest---debugmain---StressTest---debugmain---StressTest---debugmain---StressTest---debugmain---StressTest---debugmain---StressTest---debugmain---StressTest---debugmain---StressTest---debugmain---StressTest---debugmain---StressTest---debugmain---StressTest---debugmain---StressTest---debugmain---StressTest---debugmain---StressTest---debugmain---StressTest---debugmain---StressTest---debugmain---StressTest---debugmain---StressTest---debugmain---StressTest---debugmain---StressTest---debugmain---StressTest---debugmain---StressTest---debugmain---StressTest---debugmain---StressTest---debugmain---StressTest---debugmain---StressTest---debugmain---StressTest---debugmain---StressTest---debugmain---StressTest---debugmain---StressTest---debugmain---StressTest---debugmain---StressTest---debugmain---StressTest---debugmain---StressTest---debugmain---StressTest---debugmain---StressTest---debugmain---StressTest---debugmain---StressTest---debugmain---StressTest---debugmain---StressTest---debugmain---StressTest---debugmain---StressTest---debugmain---StressTest---debugmain---StressTest---debugmain---StressTest---debugmain---StressTest---debugmain---StressTest---debugmain---StressTest---debugmain---StressTest---debugmain---StressTest---debugmain---StressTest---debugmain---StressTest---debugmain---StressTest---debugmain---StressTest---debugmain---StressTest---debugmain---StressTest---debugmain---StressTest---debugmain---StressTest---debugmain---StressTest---debugmain---StressTest---debugmain---StressTest---debugmain---StressTest---debugmain---StressTest---debugmain---StressTest---debugmain---StressTest---debugmain---StressTest---debugmain---StressTest---debugmain---StressTest---debugmain---StressTest---debugmain---StressTest---debugmain---StressTest---debugmain---StressTest---debugmain---StressTest---debugmain---StressTest---debugmain---StressTest---debugmain---StressTest---debugmain---StressTest---debugmain---StressTest---debugmain---StressTest---debugmain---StressTest---debugmain---StressTest---debugmain---StressTest---debugmain---StressTest---debugmain---StressTest---debugmain---StressTest---debugmain---StressTest---debugmain---StressTest---debugmain---StressTest---debugmain---StressTest---debugmain---StressTest---debugmain---StressTest---debugmain---StressTest---debugmain---StressTest---debugmain---StressTest---debugmain---StressTest---debugmain---StressTest---debugmain---StressTest---debugmain---StressTest---debugmain---StressTest---debugmain---StressTest---debugmain---StressTest---debugmain---StressTest---debugmain---StressTest---debugmain---StressTest---debugmain---StressTest---debugmain---StressTest---debugmain---StressTest---debugmain---StressTest---debugmain---StressTest---debugmain---StressTest---debugmain---StressTest---debugmain---StressTest---debugmain---StressTest---debugmain---StressTest---debugmain---StressTest---debugmain---StressTest---debugmain---StressTest---debugmain---StressTest---debugmain---StressTest---debugmain---StressTest---debugmain---StressTest---debugmain---StressTest---debugmain---StressTest---debugmain---StressTest---debugmain---StressTest---debugmain---StressTest---debugmain---StressTest---debugmain---StressTest---debugmain---StressTest---debugmain---StressTest---debugmain---StressTest---debugmain---StressTest---debugmain---StressTest---debugmain---StressTest---debugmain---StressTest---debugmain---StressTest---debugmain---StressTest---debugmain---StressTest---debugmain---StressTest---debugmain---StressTest---debugmain---StressTest---debugmain---StressTest---debugmain---StressTest---debugmain---StressTest---debugmain---StressTest---debugmain---StressTest---debugmain---StressTest---debugmain---StressTest---debugmain---StressTest---debugmain---StressTest---debugmain---StressTest---debugmain---StressTest---debugmain---StressTest---debugmain---StressTest---debugmain---StressTest---debugmain---StressTest---debugmain---StressTest---debugmain---StressTest---debugmain---StressTest---debugmain---StressTest---debugmain---StressTest---debugmain---StressTest---debugmain---StressTest---debugmain---StressTest---debugmain---StressTest---debugmain---StressTest---debugmain---StressTest---debugmain---StressTest---debugmain---StressTest---debugmain---StressTest---debugmain---StressTest---debugmain---StressTest---debugmain---StressTest---debugmain---StressTest---debugmain---StressTest---debugmain---StressTest---debugmain---StressTest---debugmain---StressTest---debugmain---StressTest---debugmain---StressTest---debugmain---StressTest---debugmain---StressTest---debugmain---StressTest---debugmain---StressTest---debugmain---StressTest---debugmain---StressTest---debugmain---StressTest---debugmain---StressTest---debugmain---StressTest---debugmain---StressTest---debugmain---StressTest---debugmain---StressTest---debugmain---StressTest---debugmain---StressTest---debugmain---StressTest---debugmain---StressTest---debugmain---StressTest---debugmain---StressTest---debugmain---StressTest---debugmain---StressTest---debugmain---StressTest---debugmain---StressTest---debugmain---StressTest---debugmain---StressTest---debugmain---StressTest---debugmain---StressTest---debugmain---StressTest---debugmain---StressTest---debugmain---StressTest---debugmain---StressTest---debugmain---StressTest---debugmain---StressTest---debugmain---StressTest---debugmain---StressTest---debugmain---StressTest---debugmain---StressTest---debugmain---StressTest---debugmain---StressTest---debugmain---StressTest---debugmain---StressTest---debugmain---StressTest---debugmain---StressTest---debugmain---StressTest---debugmain---StressTest---debugmain---StressTest---debugmain---StressTest---debugmain---StressTest---debugmain---StressTest---debugmain---StressTest---debugmain---StressTest---debugmain---StressTest---debugmain---StressTest---debugmain---StressTest---debugmain---StressTest---debugmain---StressTest---debugmain---StressTest---debugmain---StressTest---debugmain---StressTest---debugmain---StressTest---debugmain---StressTest---debugmain---StressTest---debugmain---StressTest---debugmain---StressTest---debugmain---StressTest---debugmain---StressTest---debugmain---StressTest---debugmain---StressTest---debugmain---StressTest---debugmain---StressTest---debugmain---StressTest---debugmain---StressTest---debugmain---StressTest---debugmain---StressTest---debugmain---StressTest---debugmain---StressTest---debugmain---StressTest---debugmain---StressTest---debugmain---StressTest---debugmain---StressTest---debugmain---StressTest---debugmain---StressTest---debugmain---StressTest---debugmain---StressTest---debugmain---StressTest---debugmain---StressTest---debugmain---StressTest---debugmain---StressTest---debugmain---StressTest---debugmain---StressTest---debugmain---StressTest---debugmain---StressTest---debugmain---StressTest---debugmain---StressTest---debugmain---StressTest---debugmain---StressTest---debugmain---StressTest---debugmain---StressTest---debugmain---StressTest---debugmain---StressTest---debugmain---StressTest---debugmain---StressTest---debugmain---StressTest---debugmain---StressTest---debugmain---StressTest---debugmain---StressTest---debugmain---StressTest---debugmain---StressTest---debugmain---StressTest---debugmain---StressTest---debugmain---StressTest---debugmain---StressTest---debugmain---StressTest---debugmain---StressTest---debugmain---StressTest---debugmain---StressTest---debugmain---StressTest---debugmain---StressTest---debugmain---StressTest---debugmain---StressTest---debugmain---StressTest---debugmain---StressTest---debugmain---StressTest---debugmain---StressTest---debugmain---StressTest---debugmain---StressTest---debugmain---StressTest---debugmain---StressTest---debugmain---StressTest---debugmain---StressTest---debugmain---StressTest---debugmain---StressTest---debugmain---StressTest---debugmain---StressTest---debugmain---StressTest---debugmain---StressTest---debugmain---StressTest---debugmain---StressTest---debugmain---StressTest---debugmain---StressTest---debugmain---StressTest---debugmain---StressTest---debugmain---StressTest---debugmain---StressTest---debugmain---StressTest---debugmain---StressTest---debugmain---StressTest---debugmain---StressTest---debugmain---StressTest---debugmain---StressTest---debugmain---StressTest---debugmain---StressTest---debugmain---StressTest---debugmain---StressTest---debugmain---StressTest---debugmain---StressTest---debugmain---StressTest---debugmain---StressTest---debugmain---StressTest---debugmain---StressTest---debugmain---StressTest---debugmain---StressTest---debugmain---StressTest---debugmain---StressTest---debugmain---StressTest---debugmain---StressTest---debugmain---StressTest---debugmain---StressTest---debugmain---StressTest---debugmain---StressTest---debugmain---StressTest---debugmain---StressTest---debugmain---StressTest---debugmain---StressTest---debugmain---StressTest---debugmain---StressTest---debugmain---StressTest---debugmain---StressTest---debugmain---StressTest---debugmain---StressTest---debugmain---StressTest---debugmain---StressTest---debugmain---StressTest---debugmain---StressTest---debugmain---StressTest---debugmain---StressTest---debugmain---StressTest---debugmain---StressTest---debugmain---StressTest---debugmain---StressTest---debugmain---StressTest---debugmain---StressTest---debugmain---StressTest---debugmain---StressTest---debugmain---StressTest---debugmain---StressTest---debugmain---StressTest---debugmain---StressTest---debugmain---StressTest---debugmain---StressTest---debugmain---StressTest---debugmain---StressTest---debugmain---StressTest---debugmain---StressTest---debugmain---StressTest---debugmain---StressTest---debugmain---StressTest---debugmain---StressTest---debugmain---StressTest---debugmain---StressTest---debugmain---StressTest---debugmain---StressTest---debugmain---StressTest---debugmain---StressTest---debugmain---StressTest---debugmain---StressTest---debugmain---StressTest---debugmain---StressTest---debugmain---StressTest---debugmain---StressTest---debugmain---StressTest---debugmain---StressTest---debugmain---StressTest---debugmain---StressTest---debugmain---StressTest---debugmain---StressTest---debugmain---StressTest---debugmain---StressTest---debugmain---StressTest---debugmain---StressTest---debugmain---StressTest---debugmain---StressTest---debugmain---StressTest---debugmain---StressTest---debugmain---StressTest---debugmain---StressTest---debugmain---StressTest---debugmain---StressTest---debugmain---StressTest---debugmain---StressTest---debugmain---StressTest---debugmain---StressTest---debugmain---StressTest---debugmain---StressTest---debugmain---StressTest---debugmain---StressTest---debugmain---StressTest---debugmain---StressTest---debugmain---StressTest---debugmain---StressTest---debugmain---StressTest---debugmain---StressTest---debugmain---StressTest---debugmain---StressTest---debugmain---StressTest---debugmain---StressTest---debugmain---StressTest---debugmain---StressTest---debugmain---StressTest---debugmain---StressTest---debugmain---StressTest---debugmain---StressTest---debugmain---StressTest---debugmain---StressTest---debugmain---StressTest---debugmain---StressTest---debugmain---StressTest---debugmain---StressTest---debugmain---StressTest---debugmain---StressTest---debugmain---StressTest---debugmain---StressTest---debugmain---StressTest---debugmain---StressTest---debugmain---StressTest---debugmain---StressTest---debugmain---StressTest---debugmain---StressTest---debugmain---StressTest---debugmain---StressTest---debugmain---StressTest---debugmain---StressTest---debugmain---StressTest---debugmain---StressTest---debugmain---StressTest---debugmain---StressTest---debugmain---StressTest---debugmain---StressTest---debugmain---StressTest---debugmain---StressTest---debugmain---StressTest---debugmain---StressTest---debugmain---StressTest---debugmain---StressTest---debugmain---StressTest---debugmain---StressTest---debugmain---StressTest---debugmain---StressTest---debugmain---StressTest---debugmain---StressTest---debugmain---StressTest---debugmain---StressTest---debugmain---StressTest---debugmain---StressTest---debugmain---StressTest---debugmain---StressTest---debugmain---StressTest---debugmain---StressTest---debugmain---StressTest---debugmain---StressTest---debugmain---StressTest---debugmain---StressTest---debugmain---StressTest---debugmain---StressTest---debugmain---StressTest---debugmain---StressTest---debugmain---StressTest---debugmain---StressTest---debugmain---StressTest---debugmain---StressTest---debugmain---StressTest---debugmain---StressTest---debugmain---StressTest---debugmain---StressTest---debugmain---StressTest---debugmain---StressTest---debugmain---StressTest---debugmain---StressTest---debugmain---StressTest---debugmain---StressTest---debugmain---StressTest---debugmain---StressTest---debugmain---StressTest---debugmain---StressTest---debugmain---StressTest---debugmain---StressTest---debugmain---StressTest---debugmain---StressTest---debugmain---StressTest---debugmain---StressTest---debugmain---StressTest---debugmain---StressTest---debugmain---StressTest---debugmain---StressTest---debugmain---StressTest---debugmain---StressTest---debugmain---StressTest---debugmain---StressTest---debugmain---StressTest---debugmain---StressTest---debugmain---StressTest---debugmain---StressTest---debugmain---StressTest---debugmain---StressTest---debugmain---StressTest---debugmain---StressTest---debugmain---StressTest---debugmain---StressTest---debugmain---StressTest---debugmain---StressTest---debugmain---StressTest---debugmain---StressTest---debugmain---StressTest---debugmain---StressTest---debugmain---StressTest---debugmain---StressTest---debugmain---StressTest---debugmain---StressTest---debugmain---StressTest---debugmain---StressTest---debugmain---StressTest---debugmain---StressTest---debugmain---StressTest---debugmain---StressTest---debugmain---StressTest---debugmain---StressTest---debugmain---StressTest---debugmain---StressTest---debugmain---StressTest---debugmain---StressTest---debugmain---StressTest---debugmain---StressTest---debugmain---StressTest---debugmain---StressTest---debugmain---StressTest---debugmain---StressTest---debugmain---StressTest---debugmain---StressTest---debugmain---StressTest---debugmain---StressTest---debugmain---StressTest---debugmain---StressTest---debugmain---StressTest---debugmain---StressTest---debugmain---StressTest---debugmain---StressTest---debugmain---StressTest---debugmain---StressTest---debugmain---StressTest---debugmain---StressTest---debugmain---StressTest---debugmain---StressTest---debugmain---StressTest---debugmain---StressTest---debugmain---StressTest---debugmain---StressTest---debugmain---StressTest---debugmain---StressTest---debugmain---StressTest---debugmain---StressTest---debugmain---StressTest---debugmain---StressTest---debugmain---StressTest---debug]]></system-out>
  </testcase>
  <testcase name="fileAppenderTest[2]" classname="StressTest" time="0.013"/>
  <testcase name="patternLayoutTest[2]" classname="StressTest" time="0.0"/>
  <testcase name="beforeMaxSizeTest[2]" classname="StressTest" time="0.0"/>
  <testcase name="velocityLayoutTest[2]" classname="StressTest" time="0.001"/>
  <testcase name="memAppenderWithLinkedListTest[2]" classname="StressTest" time="0.001"/>
  <testcase name="afterMaxSizeTest[2]" classname="StressTest" time="0.001"/>
  <testcase name="parameterizedTest[2]" classname="StressTest" time="0.002"/>
  <testcase name="memAppenderWithArrayListTest[3]" classname="StressTest" time="0.001"/>
  <testcase name="consoleAppenderTest[3]" classname="StressTest" time="0.005">
    <system-out><![CDATA[main---StressTest---debugmain---StressTest---debugmain---StressTest---debugmain---StressTest---debugmain---StressTest---debugmain---StressTest---debugmain---StressTest---debugmain---StressTest---debugmain---StressTest---debugmain---StressTest---debugmain---StressTest---debugmain---StressTest---debugmain---StressTest---debugmain---StressTest---debugmain---StressTest---debugmain---StressTest---debugmain---StressTest---debugmain---StressTest---debugmain---StressTest---debugmain---StressTest---debugmain---StressTest---debugmain---StressTest---debugmain---StressTest---debugmain---StressTest---debugmain---StressTest---debugmain---StressTest---debugmain---StressTest---debugmain---StressTest---debugmain---StressTest---debugmain---StressTest---debugmain---StressTest---debugmain---StressTest---debugmain---StressTest---debugmain---StressTest---debugmain---StressTest---debugmain---StressTest---debugmain---StressTest---debugmain---StressTest---debugmain---StressTest---debugmain---StressTest---debugmain---StressTest---debugmain---StressTest---debugmain---StressTest---debugmain---StressTest---debugmain---StressTest---debugmain---StressTest---debugmain---StressTest---debugmain---StressTest---debugmain---StressTest---debugmain---StressTest---debugmain---StressTest---debugmain---StressTest---debugmain---StressTest---debugmain---StressTest---debugmain---StressTest---debugmain---StressTest---debugmain---StressTest---debugmain---StressTest---debugmain---StressTest---debugmain---StressTest---debugmain---StressTest---debugmain---StressTest---debugmain---StressTest---debugmain---StressTest---debugmain---StressTest---debugmain---StressTest---debugmain---StressTest---debugmain---StressTest---debugmain---StressTest---debugmain---StressTest---debugmain---StressTest---debugmain---StressTest---debugmain---StressTest---debugmain---StressTest---debugmain---StressTest---debugmain---StressTest---debugmain---StressTest---debugmain---StressTest---debugmain---StressTest---debugmain---StressTest---debugmain---StressTest---debugmain---StressTest---debugmain---StressTest---debugmain---StressTest---debugmain---StressTest---debugmain---StressTest---debugmain---StressTest---debugmain---StressTest---debugmain---StressTest---debugmain---StressTest---debugmain---StressTest---debugmain---StressTest---debugmain---StressTest---debugmain---StressTest---debugmain---StressTest---debugmain---StressTest---debugmain---StressTest---debugmain---StressTest---debugmain---StressTest---debugmain---StressTest---debugmain---StressTest---debugmain---StressTest---debugmain---StressTest---debugmain---StressTest---debugmain---StressTest---debugmain---StressTest---debugmain---StressTest---debugmain---StressTest---debugmain---StressTest---debugmain---StressTest---debugmain---StressTest---debugmain---StressTest---debugmain---StressTest---debugmain---StressTest---debugmain---StressTest---debugmain---StressTest---debugmain---StressTest---debugmain---StressTest---debugmain---StressTest---debugmain---StressTest---debugmain---StressTest---debugmain---StressTest---debugmain---StressTest---debugmain---StressTest---debugmain---StressTest---debugmain---StressTest---debugmain---StressTest---debugmain---StressTest---debugmain---StressTest---debugmain---StressTest---debugmain---StressTest---debugmain---StressTest---debugmain---StressTest---debugmain---StressTest---debugmain---StressTest---debugmain---StressTest---debugmain---StressTest---debugmain---StressTest---debugmain---StressTest---debugmain---StressTest---debugmain---StressTest---debugmain---StressTest---debugmain---StressTest---debugmain---StressTest---debugmain---StressTest---debugmain---StressTest---debugmain---StressTest---debugmain---StressTest---debugmain---StressTest---debugmain---StressTest---debugmain---StressTest---debugmain---StressTest---debugmain---StressTest---debugmain---StressTest---debugmain---StressTest---debugmain---StressTest---debugmain---StressTest---debugmain---StressTest---debugmain---StressTest---debugmain---StressTest---debugmain---StressTest---debugmain---StressTest---debugmain---StressTest---debugmain---StressTest---debugmain---StressTest---debugmain---StressTest---debugmain---StressTest---debugmain---StressTest---debugmain---StressTest---debugmain---StressTest---debugmain---StressTest---debugmain---StressTest---debugmain---StressTest---debugmain---StressTest---debugmain---StressTest---debugmain---StressTest---debugmain---StressTest---debugmain---StressTest---debugmain---StressTest---debugmain---StressTest---debugmain---StressTest---debugmain---StressTest---debugmain---StressTest---debugmain---StressTest---debugmain---StressTest---debugmain---StressTest---debugmain---StressTest---debugmain---StressTest---debugmain---StressTest---debugmain---StressTest---debugmain---StressTest---debugmain---StressTest---debugmain---StressTest---debugmain---StressTest---debugmain---StressTest---debugmain---StressTest---debugmain---StressTest---debugmain---StressTest---debugmain---StressTest---debugmain---StressTest---debugmain---StressTest---debugmain---StressTest---debugmain---StressTest---debugmain---StressTest---debugmain---StressTest---debugmain---StressTest---debugmain---StressTest---debugmain---StressTest---debugmain---StressTest---debugmain---StressTest---debugmain---StressTest---debugmain---StressTest---debugmain---StressTest---debugmain---StressTest---debugmain---StressTest---debugmain---StressTest---debugmain---StressTest---debugmain---StressTest---debugmain---StressTest---debugmain---StressTest---debugmain---StressTest---debugmain---StressTest---debugmain---StressTest---debugmain---StressTest---debugmain---StressTest---debugmain---StressTest---debugmain---StressTest---debugmain---StressTest---debugmain---StressTest---debugmain---StressTest---debugmain---StressTest---debugmain---StressTest---debugmain---StressTest---debugmain---StressTest---debugmain---StressTest---debugmain---StressTest---debugmain---StressTest---debugmain---StressTest---debugmain---StressTest---debugmain---StressTest---debugmain---StressTest---debugmain---StressTest---debugmain---StressTest---debugmain---StressTest---debugmain---StressTest---debugmain---StressTest---debugmain---StressTest---debugmain---StressTest---debugmain---StressTest---debugmain---StressTest---debugmain---StressTest---debugmain---StressTest---debugmain---StressTest---debugmain---StressTest---debugmain---StressTest---debugmain---StressTest---debugmain---StressTest---debugmain---StressTest---debugmain---StressTest---debugmain---StressTest---debugmain---StressTest---debugmain---StressTest---debugmain---StressTest---debugmain---StressTest---debugmain---StressTest---debugmain---StressTest---debugmain---StressTest---debugmain---StressTest---debugmain---StressTest---debugmain---StressTest---debugmain---StressTest---debugmain---StressTest---debugmain---StressTest---debugmain---StressTest---debugmain---StressTest---debugmain---StressTest---debugmain---StressTest---debugmain---StressTest---debugmain---StressTest---debugmain---StressTest---debugmain---StressTest---debugmain---StressTest---debugmain---StressTest---debugmain---StressTest---debugmain---StressTest---debugmain---StressTest---debugmain---StressTest---debugmain---StressTest---debugmain---StressTest---debugmain---StressTest---debugmain---StressTest---debugmain---StressTest---debugmain---StressTest---debugmain---StressTest---debugmain---StressTest---debugmain---StressTest---debugmain---StressTest---debugmain---StressTest---debugmain---StressTest---debugmain---StressTest---debugmain---StressTest---debugmain---StressTest---debugmain---StressTest---debugmain---StressTest---debugmain---StressTest---debugmain---StressTest---debugmain---StressTest---debugmain---StressTest---debugmain---StressTest---debugmain---StressTest---debugmain---StressTest---debugmain---StressTest---debugmain---StressTest---debugmain---StressTest---debugmain---StressTest---debugmain---StressTest---debugmain---StressTest---debugmain---StressTest---debugmain---StressTest---debugmain---StressTest---debugmain---StressTest---debugmain---StressTest---debugmain---StressTest---debugmain---StressTest---debugmain---StressTest---debugmain---StressTest---debugmain---StressTest---debugmain---StressTest---debugmain---StressTest---debugmain---StressTest---debugmain---StressTest---debugmain---StressTest---debugmain---StressTest---debugmain---StressTest---debugmain---StressTest---debugmain---StressTest---debugmain---StressTest---debugmain---StressTest---debugmain---StressTest---debugmain---StressTest---debugmain---StressTest---debugmain---StressTest---debugmain---StressTest---debugmain---StressTest---debugmain---StressTest---debugmain---StressTest---debugmain---StressTest---debugmain---StressTest---debugmain---StressTest---debugmain---StressTest---debugmain---StressTest---debugmain---StressTest---debugmain---StressTest---debugmain---StressTest---debugmain---StressTest---debugmain---StressTest---debugmain---StressTest---debugmain---StressTest---debugmain---StressTest---debugmain---StressTest---debugmain---StressTest---debugmain---StressTest---debugmain---StressTest---debugmain---StressTest---debugmain---StressTest---debugmain---StressTest---debugmain---StressTest---debugmain---StressTest---debugmain---StressTest---debugmain---StressTest---debugmain---StressTest---debugmain---StressTest---debugmain---StressTest---debugmain---StressTest---debugmain---StressTest---debugmain---StressTest---debugmain---StressTest---debugmain---StressTest---debugmain---StressTest---debugmain---StressTest---debugmain---StressTest---debugmain---StressTest---debugmain---StressTest---debugmain---StressTest---debugmain---StressTest---debugmain---StressTest---debugmain---StressTest---debugmain---StressTest---debugmain---StressTest---debugmain---StressTest---debugmain---StressTest---debugmain---StressTest---debugmain---StressTest---debugmain---StressTest---debugmain---StressTest---debugmain---StressTest---debugmain---StressTest---debugmain---StressTest---debugmain---StressTest---debugmain---StressTest---debugmain---StressTest---debugmain---StressTest---debugmain---StressTest---debugmain---StressTest---debugmain---StressTest---debugmain---StressTest---debugmain---StressTest---debugmain---StressTest---debugmain---StressTest---debugmain---StressTest---debugmain---StressTest---debugmain---StressTest---debugmain---StressTest---debugmain---StressTest---debugmain---StressTest---debugmain---StressTest---debugmain---StressTest---debugmain---StressTest---debugmain---StressTest---debugmain---StressTest---debugmain---StressTest---debugmain---StressTest---debugmain---StressTest---debugmain---StressTest---debugmain---StressTest---debugmain---StressTest---debugmain---StressTest---debugmain---StressTest---debugmain---StressTest---debugmain---StressTest---debugmain---StressTest---debugmain---StressTest---debugmain---StressTest---debugmain---StressTest---debugmain---StressTest---debugmain---StressTest---debugmain---StressTest---debugmain---StressTest---debugmain---StressTest---debugmain---StressTest---debugmain---StressTest---debugmain---StressTest---debugmain---StressTest---debugmain---StressTest---debugmain---StressTest---debugmain---StressTest---debugmain---StressTest---debugmain---StressTest---debugmain---StressTest---debugmain---StressTest---debugmain---StressTest---debugmain---StressTest---debugmain---StressTest---debugmain---StressTest---debugmain---StressTest---debugmain---StressTest---debugmain---StressTest---debugmain---StressTest---debugmain---StressTest---debugmain---StressTest---debugmain---StressTest---debugmain---StressTest---debugmain---StressTest---debugmain---StressTest---debugmain---StressTest---debugmain---StressTest---debugmain---StressTest---debugmain---StressTest---debugmain---StressTest---debugmain---StressTest---debugmain---StressTest---debugmain---StressTest---debugmain---StressTest---debugmain---StressTest---debugmain---StressTest---debugmain---StressTest---debugmain---StressTest---debugmain---StressTest---debugmain---StressTest---debugmain---StressTest---debugmain---StressTest---debugmain---StressTest---debugmain---StressTest---debugmain---StressTest---debugmain---StressTest---debugmain---StressTest---debugmain---StressTest---debugmain---StressTest---debugmain---StressTest---debugmain---StressTest---debugmain---StressTest---debugmain---StressTest---debugmain---StressTest---debugmain---StressTest---debugmain---StressTest---debugmain---StressTest---debugmain---StressTest---debugmain---StressTest---debugmain---StressTest---debugmain---StressTest---debugmain---StressTest---debugmain---StressTest---debugmain---StressTest---debugmain---StressTest---debugmain---StressTest---debugmain---StressTest---debugmain---StressTest---debugmain---StressTest---debugmain---StressTest---debugmain---StressTest---debugmain---StressTest---debugmain---StressTest---debugmain---StressTest---debugmain---StressTest---debugmain---StressTest---debugmain---StressTest---debugmain---StressTest---debugmain---StressTest---debugmain---StressTest---debugmain---StressTest---debugmain---StressTest---debugmain---StressTest---debugmain---StressTest---debugmain---StressTest---debugmain---StressTest---debugmain---StressTest---debugmain---StressTest---debugmain---StressTest---debugmain---StressTest---debugmain---StressTest---debugmain---StressTest---debugmain---StressTest---debugmain---StressTest---debugmain---StressTest---debugmain---StressTest---debugmain---StressTest---debugmain---StressTest---debugmain---StressTest---debugmain---StressTest---debugmain---StressTest---debugmain---StressTest---debugmain---StressTest---debugmain---StressTest---debugmain---StressTest---debugmain---StressTest---debugmain---StressTest---debugmain---StressTest---debugmain---StressTest---debugmain---StressTest---debugmain---StressTest---debugmain---StressTest---debugmain---StressTest---debugmain---StressTest---debugmain---StressTest---debugmain---StressTest---debugmain---StressTest---debugmain---StressTest---debugmain---StressTest---debugmain---StressTest---debugmain---StressTest---debugmain---StressTest---debugmain---StressTest---debugmain---StressTest---debugmain---StressTest---debugmain---StressTest---debugmain---StressTest---debugmain---StressTest---debugmain---StressTest---debugmain---StressTest---debugmain---StressTest---debugmain---StressTest---debugmain---StressTest---debugmain---StressTest---debugmain---StressTest---debugmain---StressTest---debugmain---StressTest---debugmain---StressTest---debugmain---StressTest---debugmain---StressTest---debugmain---StressTest---debugmain---StressTest---debugmain---StressTest---debugmain---StressTest---debugmain---StressTest---debugmain---StressTest---debugmain---StressTest---debugmain---StressTest---debugmain---StressTest---debugmain---StressTest---debugmain---StressTest---debugmain---StressTest---debugmain---StressTest---debugmain---StressTest---debugmain---StressTest---debugmain---StressTest---debugmain---StressTest---debugmain---StressTest---debugmain---StressTest---debugmain---StressTest---debugmain---StressTest---debugmain---StressTest---debugmain---StressTest---debugmain---StressTest---debugmain---StressTest---debugmain---StressTest---debugmain---StressTest---debugmain---StressTest---debugmain---StressTest---debugmain---StressTest---debugmain---StressTest---debugmain---StressTest---debugmain---StressTest---debugmain---StressTest---debugmain---StressTest---debugmain---StressTest---debugmain---StressTest---debugmain---StressTest---debugmain---StressTest---debugmain---StressTest---debugmain---StressTest---debugmain---StressTest---debugmain---StressTest---debugmain---StressTest---debugmain---StressTest---debugmain---StressTest---debugmain---StressTest---debugmain---StressTest---debugmain---StressTest---debugmain---StressTest---debugmain---StressTest---debugmain---StressTest---debugmain---StressTest---debugmain---StressTest---debugmain---StressTest---debugmain---StressTest---debugmain---StressTest---debugmain---StressTest---debugmain---StressTest---debugmain---StressTest---debugmain---StressTest---debugmain---StressTest---debugmain---StressTest---debugmain---StressTest---debugmain---StressTest---debugmain---StressTest---debugmain---StressTest---debugmain---StressTest---debugmain---StressTest---debugmain---StressTest---debugmain---StressTest---debugmain---StressTest---debugmain---StressTest---debugmain---StressTest---debugmain---StressTest---debugmain---StressTest---debugmain---StressTest---debugmain---StressTest---debugmain---StressTest---debugmain---StressTest---debugmain---StressTest---debugmain---StressTest---debugmain---StressTest---debugmain---StressTest---debugmain---StressTest---debugmain---StressTest---debugmain---StressTest---debugmain---StressTest---debugmain---StressTest---debugmain---StressTest---debugmain---StressTest---debugmain---StressTest---debugmain---StressTest---debugmain---StressTest---debugmain---StressTest---debugmain---StressTest---debugmain---StressTest---debugmain---StressTest---debugmain---StressTest---debugmain---StressTest---debugmain---StressTest---debugmain---StressTest---debugmain---StressTest---debugmain---StressTest---debugmain---StressTest---debugmain---StressTest---debugmain---StressTest---debugmain---StressTest---debugmain---StressTest---debugmain---StressTest---debugmain---StressTest---debugmain---StressTest---debugmain---StressTest---debugmain---StressTest---debugmain---StressTest---debugmain---StressTest---debugmain---StressTest---debugmain---StressTest---debugmain---StressTest---debugmain---StressTest---debugmain---StressTest---debugmain---StressTest---debugmain---StressTest---debugmain---StressTest---debugmain---StressTest---debugmain---StressTest---debugmain---StressTest---debugmain---StressTest---debugmain---StressTest---debugmain---StressTest---debugmain---StressTest---debugmain---StressTest---debugmain---StressTest---debugmain---StressTest---debugmain---StressTest---debugmain---StressTest---debugmain---StressTest---debugmain---StressTest---debugmain---StressTest---debugmain---StressTest---debugmain---StressTest---debugmain---StressTest---debugmain---StressTest---debugmain---StressTest---debugmain---StressTest---debugmain---StressTest---debugmain---StressTest---debugmain---StressTest---debugmain---StressTest---debugmain---StressTest---debugmain---StressTest---debugmain---StressTest---debugmain---StressTest---debugmain---StressTest---debugmain---StressTest---debugmain---StressTest---debugmain---StressTest---debugmain---StressTest---debugmain---StressTest---debugmain---StressTest---debugmain---StressTest---debugmain---StressTest---debugmain---StressTest---debugmain---StressTest---debugmain---StressTest---debugmain---StressTest---debugmain---StressTest---debugmain---StressTest---debugmain---StressTest---debugmain---StressTest---debugmain---StressTest---debugmain---StressTest---debugmain---StressTest---debugmain---StressTest---debugmain---StressTest---debugmain---StressTest---debugmain---StressTest---debugmain---StressTest---debugmain---StressTest---debugmain---StressTest---debugmain---StressTest---debugmain---StressTest---debugmain---StressTest---debugmain---StressTest---debugmain---StressTest---debugmain---StressTest---debugmain---StressTest---debugmain---StressTest---debugmain---StressTest---debugmain---StressTest---debugmain---StressTest---debugmain---StressTest---debugmain---StressTest---debugmain---StressTest---debugmain---StressTest---debugmain---StressTest---debugmain---StressTest---debugmain---StressTest---debugmain---StressTest---debugmain---StressTest---debugmain---StressTest---debugmain---StressTest---debugmain---StressTest---debugmain---StressTest---debugmain---StressTest---debugmain---StressTest---debugmain---StressTest---debugmain---StressTest---debugmain---StressTest---debugmain---StressTest---debugmain---StressTest---debugmain---StressTest---debugmain---StressTest---debugmain---StressTest---debugmain---StressTest---debugmain---StressTest---debugmain---StressTest---debugmain---StressTest---debugmain---StressTest---debugmain---StressTest---debugmain---StressTest---debugmain---StressTest---debugmain---StressTest---debugmain---StressTest---debugmain---StressTest---debugmain---StressTest---debugmain---StressTest---debugmain---StressTest---debugmain---StressTest---debugmain---StressTest---debugmain---StressTest---debugmain---StressTest---debugmain---StressTest---debugmain---StressTest---debugmain---StressTest---debugmain---StressTest---debugmain---StressTest---debugmain---StressTest---debugmain---StressTest---debugmain---StressTest---debugmain---StressTest---debugmain---StressTest---debugmain---StressTest---debugmain---StressTest---debugmain---StressTest---debugmain---StressTest---debugmain---StressTest---debugmain---StressTest---debugmain---StressTest---debugmain---StressTest---debugmain---StressTest---debugmain---StressTest---debugmain---StressTest---debugmain---StressTest---debugmain---StressTest---debugmain---StressTest---debugmain---StressTest---debugmain---StressTest---debugmain---StressTest---debugmain---StressTest---debugmain---StressTest---debugmain---StressTest---debugmain---StressTest---debugmain---StressTest---debugmain---StressTest---debugmain---StressTest---debugmain---StressTest---debugmain---StressTest---debugmain---StressTest---debugmain---StressTest---debugmain---StressTest---debugmain---StressTest---debugmain---StressTest---debugmain---StressTest---debugmain---StressTest---debugmain---StressTest---debugmain---StressTest---debugmain---StressTest---debugmain---StressTest---debugmain---StressTest---debugmain---StressTest---debugmain---StressTest---debugmain---StressTest---debugmain---StressTest---debugmain---StressTest---debugmain---StressTest---debugmain---StressTest---debugmain---StressTest---debugmain---StressTest---debugmain---StressTest---debugmain---StressTest---debugmain---StressTest---debugmain---StressTest---debugmain---StressTest---debugmain---StressTest---debugmain---StressTest---debugmain---StressTest---debugmain---StressTest---debugmain---StressTest---debugmain---StressTest---debugmain---StressTest---debugmain---StressTest---debugmain---StressTest---debugmain---StressTest---debugmain---StressTest---debugmain---StressTest---debugmain---StressTest---debugmain---StressTest---debugmain---StressTest---debugmain---StressTest---debugmain---StressTest---debugmain---StressTest---debugmain---StressTest---debugmain---StressTest---debugmain---StressTest---debugmain---StressTest---debugmain---StressTest---debugmain---StressTest---debugmain---StressTest---debugmain---StressTest---debugmain---StressTest---debugmain---StressTest---debugmain---StressTest---debugmain---StressTest---debugmain---StressTest---debugmain---StressTest---debugmain---StressTest---debugmain---StressTest---debugmain---StressTest---debugmain---StressTest---debugmain---StressTest---debugmain---StressTest---debugmain---StressTest---debugmain---StressTest---debugmain---StressTest---debugmain---StressTest---debugmain---StressTest---debugmain---StressTest---debugmain---StressTest---debugmain---StressTest---debugmain---StressTest---debugmain---StressTest---debugmain---StressTest---debugmain---StressTest---debugmain---StressTest---debugmain---StressTest---debugmain---StressTest---debugmain---StressTest---debugmain---StressTest---debugmain---StressTest---debugmain---StressTest---debugmain---StressTest---debugmain---StressTest---debugmain---StressTest---debugmain---StressTest---debugmain---StressTest---debugmain---StressTest---debugmain---StressTest---debugmain---StressTest---debugmain---StressTest---debugmain---StressTest---debugmain---StressTest---debugmain---StressTest---debugmain---StressTest---debugmain---StressTest---debugmain---StressTest---debugmain---StressTest---debugmain---StressTest---debugmain---StressTest---debugmain---StressTest---debugmain---StressTest---debugmain---StressTest---debugmain---StressTest---debugmain---StressTest---debugmain---StressTest---debugmain---StressTest---debugmain---StressTest---debugmain---StressTest---debugmain---StressTest---debugmain---StressTest---debugmain---StressTest---debugmain---StressTest---debugmain---StressTest---debugmain---StressTest---debugmain---StressTest---debugmain---StressTest---debugmain---StressTest---debugmain---StressTest---debugmain---StressTest---debugmain---StressTest---debugmain---StressTest---debugmain---StressTest---debugmain---StressTest---debugmain---StressTest---debugmain---StressTest---debugmain---StressTest---debugmain---StressTest---debugmain---StressTest---debugmain---StressTest---debugmain---StressTest---debugmain---StressTest---debugmain---StressTest---debugmain---StressTest---debugmain---StressTest---debugmain---StressTest---debugmain---StressTest---debugmain---StressTest---debugmain---StressTest---debugmain---StressTest---debugmain---StressTest---debugmain---StressTest---debugmain---StressTest---debugmain---StressTest---debugmain---StressTest---debugmain---StressTest---debugmain---StressTest---debugmain---StressTest---debugmain---StressTest---debugmain---StressTest---debugmain---StressTest---debugmain---StressTest---debug]]></system-out>
  </testcase>
  <testcase name="fileAppenderTest[3]" classname="StressTest" time="0.009"/>
  <testcase name="patternLayoutTest[3]" classname="StressTest" time="0.001"/>
  <testcase name="beforeMaxSizeTest[3]" classname="StressTest" time="0.001"/>
  <testcase name="velocityLayoutTest[3]" classname="StressTest" time="0.0"/>
  <testcase name="memAppenderWithLinkedListTest[3]" classname="StressTest" time="0.001"/>
  <testcase name="afterMaxSizeTest[3]" classname="StressTest" time="0.001"/>
  <testcase name="parameterizedTest[3]" classname="StressTest" time="0.001"/>
</testsuite>